Add Component: Footprint Not Found LED
Add Component: Footprint Not Found LED
Add Component: Footprint Not Found LED
Add Component: Footprint Not Found LED
Add Component: Footprint Not Found LED
Add Component: Footprint Not Found LED
Add Component: Footprint Not Found LED
Add Component: Footprint Not Found LED
Add Component: Footprint Not Found LED
Add Component: Footprint Not Found LED
Add Component: Footprint Not Found LED
Add Component: Footprint Not Found LED
Add Component: Footprint Not Found LED
Add Component: Footprint Not Found LED
Add Component: Footprint Not Found LED
Add Component: Footprint Not Found LED
Add Component: Footprint Not Found LED
Add Component: Footprint Not Found LED
Add Component: Footprint Not Found LED
Add Component: Footprint Not Found LED
Add Component: Footprint Not Found LED
Add Component: Footprint Not Found LED
Add Component: Footprint Not Found LED
Add Component: Footprint Not Found LED
Add Component: Footprint Not Found LED
Add Component: Footprint Not Found LED
Add Component: Footprint Not Found LED
Add Component: Footprint Not Found LED
Add Component: Footprint Not Found LED
Add Component: Footprint Not Found LED
Add Component: Footprint Not Found LED
Add Component: Footprint Not Found LED
Add Component: Footprint Not Found LED
Add Component: Footprint Not Found LED
Add Component: Footprint Not Found LED
Add Component: Footprint Not Found LED
Add Component: Footprint Not Found LED
Add Component: Footprint Not Found LED
Add Component: Footprint Not Found LED
Add Component: Footprint Not Found LED
Add Component: Footprint Not Found LED
Add Component: Footprint Not Found LED
Add Component: Footprint Not Found LED
Add Component: Footprint Not Found LED
Add Component: Footprint Not Found LED
Add Component: Footprint Not Found LED
Add Component: Footprint Not Found LED
Add Component: Footprint Not Found LED
Add Component: Footprint Not Found LED
Add Component: Footprint Not Found LED
Add Component: Footprint Not Found LED
Add Component: Footprint Not Found LED
Add Component: Footprint Not Found LED
Add Component: Footprint Not Found LED
Add Component: Footprint Not Found LED
Add Component: Footprint Not Found LED
Add Pin To Net: Unknown Pin: Pin LED1_LINE1-Din
Add Pin To Net: Unknown Pin: Pin LED1_LINE1-Dout
Add Pin To Net: Unknown Pin: Pin LED1_LINE1-GND
Add Pin To Net: Unknown Pin: Pin LED1_LINE1-VDD
Add Pin To Net: Unknown Pin: Pin LED1_LINE2-Din
Add Pin To Net: Unknown Pin: Pin LED1_LINE2-Dout
Add Pin To Net: Unknown Pin: Pin LED1_LINE2-GND
Add Pin To Net: Unknown Pin: Pin LED1_LINE2-VDD
Add Pin To Net: Unknown Pin: Pin LED1_LINE3-Din
Add Pin To Net: Unknown Pin: Pin LED1_LINE3-Dout
Add Pin To Net: Unknown Pin: Pin LED1_LINE3-GND
Add Pin To Net: Unknown Pin: Pin LED1_LINE3-VDD
Add Pin To Net: Unknown Pin: Pin LED1_LINE4-Din
Add Pin To Net: Unknown Pin: Pin LED1_LINE4-Dout
Add Pin To Net: Unknown Pin: Pin LED1_LINE4-GND
Add Pin To Net: Unknown Pin: Pin LED1_LINE4-VDD
Add Pin To Net: Unknown Pin: Pin LED1_LINE5-Din
Add Pin To Net: Unknown Pin: Pin LED1_LINE5-Dout
Add Pin To Net: Unknown Pin: Pin LED1_LINE5-GND
Add Pin To Net: Unknown Pin: Pin LED1_LINE5-VDD
Add Pin To Net: Unknown Pin: Pin LED1_LINE6-Din
Add Pin To Net: Unknown Pin: Pin LED1_LINE6-Dout
Add Pin To Net: Unknown Pin: Pin LED1_LINE6-GND
Add Pin To Net: Unknown Pin: Pin LED1_LINE6-VDD
Add Pin To Net: Unknown Pin: Pin LED1_LINE7-Din
Add Pin To Net: Unknown Pin: Pin LED1_LINE7-Dout
Add Pin To Net: Unknown Pin: Pin LED1_LINE7-GND
Add Pin To Net: Unknown Pin: Pin LED1_LINE7-VDD
Add Pin To Net: Unknown Pin: Pin LED1_LINE8-Din
Add Pin To Net: Unknown Pin: Pin LED1_LINE8-Dout
Add Pin To Net: Unknown Pin: Pin LED1_LINE8-GND
Add Pin To Net: Unknown Pin: Pin LED1_LINE8-VDD
Add Pin To Net: Unknown Pin: Pin LED2_LINE1-Din
Add Pin To Net: Unknown Pin: Pin LED2_LINE1-Dout
Add Pin To Net: Unknown Pin: Pin LED2_LINE1-GND
Add Pin To Net: Unknown Pin: Pin LED2_LINE1-VDD
Add Pin To Net: Unknown Pin: Pin LED2_LINE2-Din
Add Pin To Net: Unknown Pin: Pin LED2_LINE2-Dout
Add Pin To Net: Unknown Pin: Pin LED2_LINE2-GND
Add Pin To Net: Unknown Pin: Pin LED2_LINE2-VDD
Add Pin To Net: Unknown Pin: Pin LED2_LINE3-Din
Add Pin To Net: Unknown Pin: Pin LED2_LINE3-Dout
Add Pin To Net: Unknown Pin: Pin LED2_LINE3-GND
Add Pin To Net: Unknown Pin: Pin LED2_LINE3-VDD
Add Pin To Net: Unknown Pin: Pin LED2_LINE4-Din
Add Pin To Net: Unknown Pin: Pin LED2_LINE4-Dout
Add Pin To Net: Unknown Pin: Pin LED2_LINE4-GND
Add Pin To Net: Unknown Pin: Pin LED2_LINE4-VDD
Add Pin To Net: Unknown Pin: Pin LED2_LINE5-Din
Add Pin To Net: Unknown Pin: Pin LED2_LINE5-Dout
Add Pin To Net: Unknown Pin: Pin LED2_LINE5-GND
Add Pin To Net: Unknown Pin: Pin LED2_LINE5-VDD
Add Pin To Net: Unknown Pin: Pin LED2_LINE6-Din
Add Pin To Net: Unknown Pin: Pin LED2_LINE6-Dout
Add Pin To Net: Unknown Pin: Pin LED2_LINE6-GND
Add Pin To Net: Unknown Pin: Pin LED2_LINE6-VDD
Add Pin To Net: Unknown Pin: Pin LED2_LINE7-Din
Add Pin To Net: Unknown Pin: Pin LED2_LINE7-Dout
Add Pin To Net: Unknown Pin: Pin LED2_LINE7-GND
Add Pin To Net: Unknown Pin: Pin LED2_LINE7-VDD
Add Pin To Net: Unknown Pin: Pin LED2_LINE8-Din
Add Pin To Net: Unknown Pin: Pin LED2_LINE8-Dout
Add Pin To Net: Unknown Pin: Pin LED2_LINE8-GND
Add Pin To Net: Unknown Pin: Pin LED2_LINE8-VDD
Add Pin To Net: Unknown Pin: Pin LED3_LINE1-Din
Add Pin To Net: Unknown Pin: Pin LED3_LINE1-Dout
Add Pin To Net: Unknown Pin: Pin LED3_LINE1-GND
Add Pin To Net: Unknown Pin: Pin LED3_LINE1-VDD
Add Pin To Net: Unknown Pin: Pin LED3_LINE2-Din
Add Pin To Net: Unknown Pin: Pin LED3_LINE2-Dout
Add Pin To Net: Unknown Pin: Pin LED3_LINE2-GND
Add Pin To Net: Unknown Pin: Pin LED3_LINE2-VDD
Add Pin To Net: Unknown Pin: Pin LED3_LINE3-Din
Add Pin To Net: Unknown Pin: Pin LED3_LINE3-Dout
Add Pin To Net: Unknown Pin: Pin LED3_LINE3-GND
Add Pin To Net: Unknown Pin: Pin LED3_LINE3-VDD
Add Pin To Net: Unknown Pin: Pin LED3_LINE4-Din
Add Pin To Net: Unknown Pin: Pin LED3_LINE4-Dout
Add Pin To Net: Unknown Pin: Pin LED3_LINE4-GND
Add Pin To Net: Unknown Pin: Pin LED3_LINE4-VDD
Add Pin To Net: Unknown Pin: Pin LED3_LINE5-Din
Add Pin To Net: Unknown Pin: Pin LED3_LINE5-Dout
Add Pin To Net: Unknown Pin: Pin LED3_LINE5-GND
Add Pin To Net: Unknown Pin: Pin LED3_LINE5-VDD
Add Pin To Net: Unknown Pin: Pin LED3_LINE6-Din
Add Pin To Net: Unknown Pin: Pin LED3_LINE6-Dout
Add Pin To Net: Unknown Pin: Pin LED3_LINE6-GND
Add Pin To Net: Unknown Pin: Pin LED3_LINE6-VDD
Add Pin To Net: Unknown Pin: Pin LED3_LINE7-Din
Add Pin To Net: Unknown Pin: Pin LED3_LINE7-Dout
Add Pin To Net: Unknown Pin: Pin LED3_LINE7-GND
Add Pin To Net: Unknown Pin: Pin LED3_LINE7-VDD
Add Pin To Net: Unknown Pin: Pin LED3_LINE8-Din
Add Pin To Net: Unknown Pin: Pin LED3_LINE8-Dout
Add Pin To Net: Unknown Pin: Pin LED3_LINE8-GND
Add Pin To Net: Unknown Pin: Pin LED3_LINE8-VDD
Add Pin To Net: Unknown Pin: Pin LED4_LINE1-Din
Add Pin To Net: Unknown Pin: Pin LED4_LINE1-Dout
Add Pin To Net: Unknown Pin: Pin LED4_LINE1-GND
Add Pin To Net: Unknown Pin: Pin LED4_LINE1-VDD
Add Pin To Net: Unknown Pin: Pin LED4_LINE2-Din
Add Pin To Net: Unknown Pin: Pin LED4_LINE2-Dout
Add Pin To Net: Unknown Pin: Pin LED4_LINE2-GND
Add Pin To Net: Unknown Pin: Pin LED4_LINE2-VDD
Add Pin To Net: Unknown Pin: Pin LED4_LINE3-Din
Add Pin To Net: Unknown Pin: Pin LED4_LINE3-Dout
Add Pin To Net: Unknown Pin: Pin LED4_LINE3-GND
Add Pin To Net: Unknown Pin: Pin LED4_LINE3-VDD
Add Pin To Net: Unknown Pin: Pin LED4_LINE4-Din
Add Pin To Net: Unknown Pin: Pin LED4_LINE4-Dout
Add Pin To Net: Unknown Pin: Pin LED4_LINE4-GND
Add Pin To Net: Unknown Pin: Pin LED4_LINE4-VDD
Add Pin To Net: Unknown Pin: Pin LED4_LINE5-Din
Add Pin To Net: Unknown Pin: Pin LED4_LINE5-Dout
Add Pin To Net: Unknown Pin: Pin LED4_LINE5-GND
Add Pin To Net: Unknown Pin: Pin LED4_LINE5-VDD
Add Pin To Net: Unknown Pin: Pin LED4_LINE6-Din
Add Pin To Net: Unknown Pin: Pin LED4_LINE6-Dout
Add Pin To Net: Unknown Pin: Pin LED4_LINE6-GND
Add Pin To Net: Unknown Pin: Pin LED4_LINE6-VDD
Add Pin To Net: Unknown Pin: Pin LED4_LINE7-Din
Add Pin To Net: Unknown Pin: Pin LED4_LINE7-Dout
Add Pin To Net: Unknown Pin: Pin LED4_LINE7-GND
Add Pin To Net: Unknown Pin: Pin LED4_LINE7-VDD
Add Pin To Net: Unknown Pin: Pin LED4_LINE8-Din
Add Pin To Net: Unknown Pin: Pin LED4_LINE8-Dout
Add Pin To Net: Unknown Pin: Pin LED4_LINE8-GND
Add Pin To Net: Unknown Pin: Pin LED4_LINE8-VDD
Add Pin To Net: Unknown Pin: Pin LED5_LINE1-Din
Add Pin To Net: Unknown Pin: Pin LED5_LINE1-Dout
Add Pin To Net: Unknown Pin: Pin LED5_LINE1-GND
Add Pin To Net: Unknown Pin: Pin LED5_LINE1-VDD
Add Pin To Net: Unknown Pin: Pin LED5_LINE2-Din
Add Pin To Net: Unknown Pin: Pin LED5_LINE2-Dout
Add Pin To Net: Unknown Pin: Pin LED5_LINE2-GND
Add Pin To Net: Unknown Pin: Pin LED5_LINE2-VDD
Add Pin To Net: Unknown Pin: Pin LED5_LINE3-Din
Add Pin To Net: Unknown Pin: Pin LED5_LINE3-Dout
Add Pin To Net: Unknown Pin: Pin LED5_LINE3-GND
Add Pin To Net: Unknown Pin: Pin LED5_LINE3-VDD
Add Pin To Net: Unknown Pin: Pin LED5_LINE4-Din
Add Pin To Net: Unknown Pin: Pin LED5_LINE4-Dout
Add Pin To Net: Unknown Pin: Pin LED5_LINE4-GND
Add Pin To Net: Unknown Pin: Pin LED5_LINE4-VDD
Add Pin To Net: Unknown Pin: Pin LED5_LINE5-Din
Add Pin To Net: Unknown Pin: Pin LED5_LINE5-Dout
Add Pin To Net: Unknown Pin: Pin LED5_LINE5-GND
Add Pin To Net: Unknown Pin: Pin LED5_LINE5-VDD
Add Pin To Net: Unknown Pin: Pin LED5_LINE6-Din
Add Pin To Net: Unknown Pin: Pin LED5_LINE6-Dout
Add Pin To Net: Unknown Pin: Pin LED5_LINE6-GND
Add Pin To Net: Unknown Pin: Pin LED5_LINE6-VDD
Add Pin To Net: Unknown Pin: Pin LED5_LINE7-Din
Add Pin To Net: Unknown Pin: Pin LED5_LINE7-Dout
Add Pin To Net: Unknown Pin: Pin LED5_LINE7-GND
Add Pin To Net: Unknown Pin: Pin LED5_LINE7-VDD
Add Pin To Net: Unknown Pin: Pin LED5_LINE8-Din
Add Pin To Net: Unknown Pin: Pin LED5_LINE8-Dout
Add Pin To Net: Unknown Pin: Pin LED5_LINE8-GND
Add Pin To Net: Unknown Pin: Pin LED5_LINE8-VDD
Add Pin To Net: Unknown Pin: Pin LED6_LINE1-Din
Add Pin To Net: Unknown Pin: Pin LED6_LINE1-Dout
Add Pin To Net: Unknown Pin: Pin LED6_LINE1-GND
Add Pin To Net: Unknown Pin: Pin LED6_LINE1-VDD
Add Pin To Net: Unknown Pin: Pin LED6_LINE2-Din
Add Pin To Net: Unknown Pin: Pin LED6_LINE2-Dout
Add Pin To Net: Unknown Pin: Pin LED6_LINE2-GND
Add Pin To Net: Unknown Pin: Pin LED6_LINE2-VDD
Add Pin To Net: Unknown Pin: Pin LED6_LINE3-Din
Add Pin To Net: Unknown Pin: Pin LED6_LINE3-Dout
Add Pin To Net: Unknown Pin: Pin LED6_LINE3-GND
Add Pin To Net: Unknown Pin: Pin LED6_LINE3-VDD
Add Pin To Net: Unknown Pin: Pin LED6_LINE4-Din
Add Pin To Net: Unknown Pin: Pin LED6_LINE4-Dout
Add Pin To Net: Unknown Pin: Pin LED6_LINE4-GND
Add Pin To Net: Unknown Pin: Pin LED6_LINE4-VDD
Add Pin To Net: Unknown Pin: Pin LED6_LINE5-Din
Add Pin To Net: Unknown Pin: Pin LED6_LINE5-Dout
Add Pin To Net: Unknown Pin: Pin LED6_LINE5-GND
Add Pin To Net: Unknown Pin: Pin LED6_LINE5-VDD
Add Pin To Net: Unknown Pin: Pin LED6_LINE6-Din
Add Pin To Net: Unknown Pin: Pin LED6_LINE6-Dout
Add Pin To Net: Unknown Pin: Pin LED6_LINE6-GND
Add Pin To Net: Unknown Pin: Pin LED6_LINE6-VDD
Add Pin To Net: Unknown Pin: Pin LED6_LINE7-Din
Add Pin To Net: Unknown Pin: Pin LED6_LINE7-Dout
Add Pin To Net: Unknown Pin: Pin LED6_LINE7-GND
Add Pin To Net: Unknown Pin: Pin LED6_LINE7-VDD
Add Pin To Net: Unknown Pin: Pin LED6_LINE8-Din
Add Pin To Net: Unknown Pin: Pin LED6_LINE8-Dout
Add Pin To Net: Unknown Pin: Pin LED6_LINE8-GND
Add Pin To Net: Unknown Pin: Pin LED6_LINE8-VDD
Add Pin To Net: Unknown Pin: Pin LED7_LINE1-Din
Add Pin To Net: Unknown Pin: Pin LED7_LINE1-Dout
Add Pin To Net: Unknown Pin: Pin LED7_LINE1-GND
Add Pin To Net: Unknown Pin: Pin LED7_LINE1-VDD
Add Pin To Net: Unknown Pin: Pin LED7_LINE2-Din
Add Pin To Net: Unknown Pin: Pin LED7_LINE2-Dout
Add Pin To Net: Unknown Pin: Pin LED7_LINE2-GND
Add Pin To Net: Unknown Pin: Pin LED7_LINE2-VDD
Add Pin To Net: Unknown Pin: Pin LED7_LINE3-Din
Add Pin To Net: Unknown Pin: Pin LED7_LINE3-Dout
Add Pin To Net: Unknown Pin: Pin LED7_LINE3-GND
Add Pin To Net: Unknown Pin: Pin LED7_LINE3-VDD
Add Pin To Net: Unknown Pin: Pin LED7_LINE4-Din
Add Pin To Net: Unknown Pin: Pin LED7_LINE4-Dout
Add Pin To Net: Unknown Pin: Pin LED7_LINE4-GND
Add Pin To Net: Unknown Pin: Pin LED7_LINE4-VDD
Add Pin To Net: Unknown Pin: Pin LED7_LINE5-Din
Add Pin To Net: Unknown Pin: Pin LED7_LINE5-Dout
Add Pin To Net: Unknown Pin: Pin LED7_LINE5-GND
Add Pin To Net: Unknown Pin: Pin LED7_LINE5-VDD
Add Pin To Net: Unknown Pin: Pin LED7_LINE6-Din
Add Pin To Net: Unknown Pin: Pin LED7_LINE6-Dout
Add Pin To Net: Unknown Pin: Pin LED7_LINE6-GND
Add Pin To Net: Unknown Pin: Pin LED7_LINE6-VDD
Add Pin To Net: Unknown Pin: Pin LED7_LINE7-Din
Add Pin To Net: Unknown Pin: Pin LED7_LINE7-Dout
Add Pin To Net: Unknown Pin: Pin LED7_LINE7-GND
Add Pin To Net: Unknown Pin: Pin LED7_LINE7-VDD
Add Pin To Net: Unknown Pin: Pin LED7_LINE8-Din
Add Pin To Net: Unknown Pin: Pin LED7_LINE8-Dout
Add Pin To Net: Unknown Pin: Pin LED7_LINE8-GND
Add Pin To Net: Unknown Pin: Pin LED7_LINE8-VDD
Add Class Member: Failed to add class member : Component LED1_LINE1 (LED1) LED
Add Class Member: Failed to add class member : Component LED1_LINE2 (LED1) LED
Add Class Member: Failed to add class member : Component LED1_LINE3 (LED1) LED
Add Class Member: Failed to add class member : Component LED1_LINE4 (LED1) LED
Add Class Member: Failed to add class member : Component LED1_LINE5 (LED1) LED
Add Class Member: Failed to add class member : Component LED1_LINE6 (LED1) LED
Add Class Member: Failed to add class member : Component LED1_LINE7 (LED1) LED
Add Class Member: Failed to add class member : Component LED1_LINE8 (LED1) LED
Add Class Member: Failed to add class member : Component LED2_LINE1 (LED2) LED
Add Class Member: Failed to add class member : Component LED2_LINE2 (LED2) LED
Add Class Member: Failed to add class member : Component LED2_LINE3 (LED2) LED
Add Class Member: Failed to add class member : Component LED2_LINE4 (LED2) LED
Add Class Member: Failed to add class member : Component LED2_LINE5 (LED2) LED
Add Class Member: Failed to add class member : Component LED2_LINE6 (LED2) LED
Add Class Member: Failed to add class member : Component LED2_LINE7 (LED2) LED
Add Class Member: Failed to add class member : Component LED2_LINE8 (LED2) LED
Add Class Member: Failed to add class member : Component LED3_LINE1 (LED3) LED
Add Class Member: Failed to add class member : Component LED3_LINE2 (LED3) LED
Add Class Member: Failed to add class member : Component LED3_LINE3 (LED3) LED
Add Class Member: Failed to add class member : Component LED3_LINE4 (LED3) LED
Add Class Member: Failed to add class member : Component LED3_LINE5 (LED3) LED
Add Class Member: Failed to add class member : Component LED3_LINE6 (LED3) LED
Add Class Member: Failed to add class member : Component LED3_LINE7 (LED3) LED
Add Class Member: Failed to add class member : Component LED3_LINE8 (LED3) LED
Add Class Member: Failed to add class member : Component LED4_LINE1 (LED4) LED
Add Class Member: Failed to add class member : Component LED4_LINE2 (LED4) LED
Add Class Member: Failed to add class member : Component LED4_LINE3 (LED4) LED
Add Class Member: Failed to add class member : Component LED4_LINE4 (LED4) LED
Add Class Member: Failed to add class member : Component LED4_LINE5 (LED4) LED
Add Class Member: Failed to add class member : Component LED4_LINE6 (LED4) LED
Add Class Member: Failed to add class member : Component LED4_LINE7 (LED4) LED
Add Class Member: Failed to add class member : Component LED4_LINE8 (LED4) LED
Add Class Member: Failed to add class member : Component LED5_LINE1 (LED5) LED
Add Class Member: Failed to add class member : Component LED5_LINE2 (LED5) LED
Add Class Member: Failed to add class member : Component LED5_LINE3 (LED5) LED
Add Class Member: Failed to add class member : Component LED5_LINE4 (LED5) LED
Add Class Member: Failed to add class member : Component LED5_LINE5 (LED5) LED
Add Class Member: Failed to add class member : Component LED5_LINE6 (LED5) LED
Add Class Member: Failed to add class member : Component LED5_LINE7 (LED5) LED
Add Class Member: Failed to add class member : Component LED5_LINE8 (LED5) LED
Add Class Member: Failed to add class member : Component LED6_LINE1 (LED6) LED
Add Class Member: Failed to add class member : Component LED6_LINE2 (LED6) LED
Add Class Member: Failed to add class member : Component LED6_LINE3 (LED6) LED
Add Class Member: Failed to add class member : Component LED6_LINE4 (LED6) LED
Add Class Member: Failed to add class member : Component LED6_LINE5 (LED6) LED
Add Class Member: Failed to add class member : Component LED6_LINE6 (LED6) LED
Add Class Member: Failed to add class member : Component LED6_LINE7 (LED6) LED
Add Class Member: Failed to add class member : Component LED6_LINE8 (LED6) LED
Add Class Member: Failed to add class member : Component LED7_LINE1 (LED7) LED
Add Class Member: Failed to add class member : Component LED7_LINE2 (LED7) LED
Add Class Member: Failed to add class member : Component LED7_LINE3 (LED7) LED
Add Class Member: Failed to add class member : Component LED7_LINE4 (LED7) LED
Add Class Member: Failed to add class member : Component LED7_LINE5 (LED7) LED
Add Class Member: Failed to add class member : Component LED7_LINE6 (LED7) LED
Add Class Member: Failed to add class member : Component LED7_LINE7 (LED7) LED
Add Class Member: Failed to add class member : Component LED7_LINE8 (LED7) LED
