Added Component: Designator=LED1_LINE2(LINE)
Added Component: Designator=LED1_LINE3(LINE)
Added Component: Designator=LED1_LINE4(LINE)
Added Component: Designator=LED1_LINE5(LINE)
Added Component: Designator=LED1_LINE6(LINE)
Added Component: Designator=LED1_LINE7(LINE)
Added Component: Designator=LED1_LINE8(LINE)
Added Component: Designator=LED2_LINE2(LINE)
Added Component: Designator=LED2_LINE3(LINE)
Added Component: Designator=LED2_LINE4(LINE)
Added Component: Designator=LED2_LINE5(LINE)
Added Component: Designator=LED2_LINE6(LINE)
Added Component: Designator=LED2_LINE7(LINE)
Added Component: Designator=LED2_LINE8(LINE)
Added Component: Designator=LED3_LINE2(LINE)
Added Component: Designator=LED3_LINE3(LINE)
Added Component: Designator=LED3_LINE4(LINE)
Added Component: Designator=LED3_LINE5(LINE)
Added Component: Designator=LED3_LINE6(LINE)
Added Component: Designator=LED3_LINE7(LINE)
Added Component: Designator=LED3_LINE8(LINE)
Added Component: Designator=LED4_LINE2(LINE)
Added Component: Designator=LED4_LINE3(LINE)
Added Component: Designator=LED4_LINE4(LINE)
Added Component: Designator=LED4_LINE5(LINE)
Added Component: Designator=LED4_LINE6(LINE)
Added Component: Designator=LED4_LINE7(LINE)
Added Component: Designator=LED4_LINE8(LINE)
Added Component: Designator=LED5_LINE2(LINE)
Added Component: Designator=LED5_LINE3(LINE)
Added Component: Designator=LED5_LINE4(LINE)
Added Component: Designator=LED5_LINE5(LINE)
Added Component: Designator=LED5_LINE6(LINE)
Added Component: Designator=LED5_LINE7(LINE)
Added Component: Designator=LED5_LINE8(LINE)
Added Component: Designator=LED6_LINE2(LINE)
Added Component: Designator=LED6_LINE3(LINE)
Added Component: Designator=LED6_LINE4(LINE)
Added Component: Designator=LED6_LINE5(LINE)
Added Component: Designator=LED6_LINE6(LINE)
Added Component: Designator=LED6_LINE7(LINE)
Added Component: Designator=LED6_LINE8(LINE)
Added Component: Designator=LED7_LINE2(LINE)
Added Component: Designator=LED7_LINE3(LINE)
Added Component: Designator=LED7_LINE4(LINE)
Added Component: Designator=LED7_LINE5(LINE)
Added Component: Designator=LED7_LINE6(LINE)
Added Component: Designator=LED7_LINE7(LINE)
Added Component: Designator=LED7_LINE8(LINE)
Added Component: Designator=LED8_LINE2(LINE)
Added Component: Designator=LED8_LINE3(LINE)
Added Component: Designator=LED8_LINE4(LINE)
Added Component: Designator=LED8_LINE5(LINE)
Added Component: Designator=LED8_LINE6(LINE)
Added Component: Designator=LED8_LINE7(LINE)
Added Component: Designator=LED8_LINE8(LINE)
Added Component: Designator=R1_LINE2(Resistor)
Added Component: Designator=R1_LINE3(Resistor)
Added Component: Designator=R1_LINE4(Resistor)
Added Component: Designator=R1_LINE5(Resistor)
Added Component: Designator=R1_LINE6(Resistor)
Added Component: Designator=R1_LINE7(Resistor)
Added Component: Designator=R1_LINE8(Resistor)
Added Component: Designator=R2_LINE2(Resistor)
Added Component: Designator=R2_LINE3(Resistor)
Added Component: Designator=R2_LINE4(Resistor)
Added Component: Designator=R2_LINE5(Resistor)
Added Component: Designator=R2_LINE6(Resistor)
Added Component: Designator=R2_LINE7(Resistor)
Added Component: Designator=R2_LINE8(Resistor)
Added Component: Designator=R3_LINE2(Resistor)
Added Component: Designator=R3_LINE3(Resistor)
Added Component: Designator=R3_LINE4(Resistor)
Added Component: Designator=R3_LINE5(Resistor)
Added Component: Designator=R3_LINE6(Resistor)
Added Component: Designator=R3_LINE7(Resistor)
Added Component: Designator=R3_LINE8(Resistor)
Added Component: Designator=R4_LINE2(Resistor)
Added Component: Designator=R4_LINE3(Resistor)
Added Component: Designator=R4_LINE4(Resistor)
Added Component: Designator=R4_LINE5(Resistor)
Added Component: Designator=R4_LINE6(Resistor)
Added Component: Designator=R4_LINE7(Resistor)
Added Component: Designator=R4_LINE8(Resistor)
Added Component: Designator=R5_LINE2(Resistor)
Added Component: Designator=R5_LINE3(Resistor)
Added Component: Designator=R5_LINE4(Resistor)
Added Component: Designator=R5_LINE5(Resistor)
Added Component: Designator=R5_LINE6(Resistor)
Added Component: Designator=R5_LINE7(Resistor)
Added Component: Designator=R5_LINE8(Resistor)
Added Component: Designator=R6_LINE2(Resistor)
Added Component: Designator=R6_LINE3(Resistor)
Added Component: Designator=R6_LINE4(Resistor)
Added Component: Designator=R6_LINE5(Resistor)
Added Component: Designator=R6_LINE6(Resistor)
Added Component: Designator=R6_LINE7(Resistor)
Added Component: Designator=R6_LINE8(Resistor)
Added Component: Designator=R7_LINE2(Resistor)
Added Component: Designator=R7_LINE3(Resistor)
Added Component: Designator=R7_LINE4(Resistor)
Added Component: Designator=R7_LINE5(Resistor)
Added Component: Designator=R7_LINE6(Resistor)
Added Component: Designator=R7_LINE7(Resistor)
Added Component: Designator=R7_LINE8(Resistor)
Added Component: Designator=R8_LINE2(Resistor)
Added Component: Designator=R8_LINE3(Resistor)
Added Component: Designator=R8_LINE4(Resistor)
Added Component: Designator=R8_LINE5(Resistor)
Added Component: Designator=R8_LINE6(Resistor)
Added Component: Designator=R8_LINE7(Resistor)
Added Component: Designator=R8_LINE8(Resistor)
Added Pin To Net: NetName=NetLED1_LINE2_Din Pin=LED1_LINE2-Din
Added Pin To Net: NetName=NetLED1_LINE2_Dout Pin=LED1_LINE2-Dout
Added Pin To Net: NetName=Netconnector1_GND Pin=LED1_LINE2-GND
Added Pin To Net: NetName=NetLED1_LINE2_VDD Pin=LED1_LINE2-VDD
Added Pin To Net: NetName=NetLED1_LINE3_Din Pin=LED1_LINE3-Din
Added Pin To Net: NetName=NetLED1_LINE3_Dout Pin=LED1_LINE3-Dout
Added Pin To Net: NetName=Netconnector1_GND Pin=LED1_LINE3-GND
Added Pin To Net: NetName=NetLED1_LINE3_VDD Pin=LED1_LINE3-VDD
Added Pin To Net: NetName=NetLED1_LINE4_Din Pin=LED1_LINE4-Din
Added Pin To Net: NetName=NetLED1_LINE4_Dout Pin=LED1_LINE4-Dout
Added Pin To Net: NetName=Netconnector1_GND Pin=LED1_LINE4-GND
Added Pin To Net: NetName=NetLED1_LINE4_VDD Pin=LED1_LINE4-VDD
Added Pin To Net: NetName=NetLED1_LINE5_Din Pin=LED1_LINE5-Din
Added Pin To Net: NetName=NetLED1_LINE5_Dout Pin=LED1_LINE5-Dout
Added Pin To Net: NetName=Netconnector1_GND Pin=LED1_LINE5-GND
Added Pin To Net: NetName=NetLED1_LINE5_VDD Pin=LED1_LINE5-VDD
Added Pin To Net: NetName=NetLED1_LINE6_Din Pin=LED1_LINE6-Din
Added Pin To Net: NetName=NetLED1_LINE6_Dout Pin=LED1_LINE6-Dout
Added Pin To Net: NetName=Netconnector1_GND Pin=LED1_LINE6-GND
Added Pin To Net: NetName=NetLED1_LINE6_VDD Pin=LED1_LINE6-VDD
Added Pin To Net: NetName=NetLED1_LINE7_Din Pin=LED1_LINE7-Din
Added Pin To Net: NetName=NetLED1_LINE7_Dout Pin=LED1_LINE7-Dout
Added Pin To Net: NetName=Netconnector1_GND Pin=LED1_LINE7-GND
Added Pin To Net: NetName=NetLED1_LINE7_VDD Pin=LED1_LINE7-VDD
Added Pin To Net: NetName=NetLED1_LINE8_Din Pin=LED1_LINE8-Din
Added Pin To Net: NetName=NetLED1_LINE8_Dout Pin=LED1_LINE8-Dout
Added Pin To Net: NetName=Netconnector1_GND Pin=LED1_LINE8-GND
Added Pin To Net: NetName=NetLED1_LINE8_VDD Pin=LED1_LINE8-VDD
Added Pin To Net: NetName=NetLED1_LINE2_Dout Pin=LED2_LINE2-Din
Added Pin To Net: NetName=NetLED2_LINE2_Dout Pin=LED2_LINE2-Dout
Added Pin To Net: NetName=Netconnector1_GND Pin=LED2_LINE2-GND
Added Pin To Net: NetName=NetLED2_LINE2_VDD Pin=LED2_LINE2-VDD
Added Pin To Net: NetName=NetLED1_LINE3_Dout Pin=LED2_LINE3-Din
Added Pin To Net: NetName=NetLED2_LINE3_Dout Pin=LED2_LINE3-Dout
Added Pin To Net: NetName=Netconnector1_GND Pin=LED2_LINE3-GND
Added Pin To Net: NetName=NetLED2_LINE3_VDD Pin=LED2_LINE3-VDD
Added Pin To Net: NetName=NetLED1_LINE4_Dout Pin=LED2_LINE4-Din
Added Pin To Net: NetName=NetLED2_LINE4_Dout Pin=LED2_LINE4-Dout
Added Pin To Net: NetName=Netconnector1_GND Pin=LED2_LINE4-GND
Added Pin To Net: NetName=NetLED2_LINE4_VDD Pin=LED2_LINE4-VDD
Added Pin To Net: NetName=NetLED1_LINE5_Dout Pin=LED2_LINE5-Din
Added Pin To Net: NetName=NetLED2_LINE5_Dout Pin=LED2_LINE5-Dout
Added Pin To Net: NetName=Netconnector1_GND Pin=LED2_LINE5-GND
Added Pin To Net: NetName=NetLED2_LINE5_VDD Pin=LED2_LINE5-VDD
Added Pin To Net: NetName=NetLED1_LINE6_Dout Pin=LED2_LINE6-Din
Added Pin To Net: NetName=NetLED2_LINE6_Dout Pin=LED2_LINE6-Dout
Added Pin To Net: NetName=Netconnector1_GND Pin=LED2_LINE6-GND
Added Pin To Net: NetName=NetLED2_LINE6_VDD Pin=LED2_LINE6-VDD
Added Pin To Net: NetName=NetLED1_LINE7_Dout Pin=LED2_LINE7-Din
Added Pin To Net: NetName=NetLED2_LINE7_Dout Pin=LED2_LINE7-Dout
Added Pin To Net: NetName=Netconnector1_GND Pin=LED2_LINE7-GND
Added Pin To Net: NetName=NetLED2_LINE7_VDD Pin=LED2_LINE7-VDD
Added Pin To Net: NetName=NetLED1_LINE8_Dout Pin=LED2_LINE8-Din
Added Pin To Net: NetName=NetLED2_LINE8_Dout Pin=LED2_LINE8-Dout
Added Pin To Net: NetName=Netconnector1_GND Pin=LED2_LINE8-GND
Added Pin To Net: NetName=NetLED2_LINE8_VDD Pin=LED2_LINE8-VDD
Added Pin To Net: NetName=NetLED2_LINE2_Dout Pin=LED3_LINE2-Din
Added Pin To Net: NetName=NetLED3_LINE2_Dout Pin=LED3_LINE2-Dout
Added Pin To Net: NetName=Netconnector1_GND Pin=LED3_LINE2-GND
Added Pin To Net: NetName=NetLED3_LINE2_VDD Pin=LED3_LINE2-VDD
Added Pin To Net: NetName=NetLED2_LINE3_Dout Pin=LED3_LINE3-Din
Added Pin To Net: NetName=NetLED3_LINE3_Dout Pin=LED3_LINE3-Dout
Added Pin To Net: NetName=Netconnector1_GND Pin=LED3_LINE3-GND
Added Pin To Net: NetName=NetLED3_LINE3_VDD Pin=LED3_LINE3-VDD
Added Pin To Net: NetName=NetLED2_LINE4_Dout Pin=LED3_LINE4-Din
Added Pin To Net: NetName=NetLED3_LINE4_Dout Pin=LED3_LINE4-Dout
Added Pin To Net: NetName=Netconnector1_GND Pin=LED3_LINE4-GND
Added Pin To Net: NetName=NetLED3_LINE4_VDD Pin=LED3_LINE4-VDD
Added Pin To Net: NetName=NetLED2_LINE5_Dout Pin=LED3_LINE5-Din
Added Pin To Net: NetName=NetLED3_LINE5_Dout Pin=LED3_LINE5-Dout
Added Pin To Net: NetName=Netconnector1_GND Pin=LED3_LINE5-GND
Added Pin To Net: NetName=NetLED3_LINE5_VDD Pin=LED3_LINE5-VDD
Added Pin To Net: NetName=NetLED2_LINE6_Dout Pin=LED3_LINE6-Din
Added Pin To Net: NetName=NetLED3_LINE6_Dout Pin=LED3_LINE6-Dout
Added Pin To Net: NetName=Netconnector1_GND Pin=LED3_LINE6-GND
Added Pin To Net: NetName=NetLED3_LINE6_VDD Pin=LED3_LINE6-VDD
Added Pin To Net: NetName=NetLED2_LINE7_Dout Pin=LED3_LINE7-Din
Added Pin To Net: NetName=NetLED3_LINE7_Dout Pin=LED3_LINE7-Dout
Added Pin To Net: NetName=Netconnector1_GND Pin=LED3_LINE7-GND
Added Pin To Net: NetName=NetLED3_LINE7_VDD Pin=LED3_LINE7-VDD
Added Pin To Net: NetName=NetLED2_LINE8_Dout Pin=LED3_LINE8-Din
Added Pin To Net: NetName=NetLED3_LINE8_Dout Pin=LED3_LINE8-Dout
Added Pin To Net: NetName=Netconnector1_GND Pin=LED3_LINE8-GND
Added Pin To Net: NetName=NetLED3_LINE8_VDD Pin=LED3_LINE8-VDD
Added Pin To Net: NetName=NetLED3_LINE2_Dout Pin=LED4_LINE2-Din
Added Pin To Net: NetName=NetLED4_LINE2_Dout Pin=LED4_LINE2-Dout
Added Pin To Net: NetName=Netconnector1_GND Pin=LED4_LINE2-GND
Added Pin To Net: NetName=NetLED4_LINE2_VDD Pin=LED4_LINE2-VDD
Added Pin To Net: NetName=NetLED3_LINE3_Dout Pin=LED4_LINE3-Din
Added Pin To Net: NetName=NetLED4_LINE3_Dout Pin=LED4_LINE3-Dout
Added Pin To Net: NetName=Netconnector1_GND Pin=LED4_LINE3-GND
Added Pin To Net: NetName=NetLED4_LINE3_VDD Pin=LED4_LINE3-VDD
Added Pin To Net: NetName=NetLED3_LINE4_Dout Pin=LED4_LINE4-Din
Added Pin To Net: NetName=NetLED4_LINE4_Dout Pin=LED4_LINE4-Dout
Added Pin To Net: NetName=Netconnector1_GND Pin=LED4_LINE4-GND
Added Pin To Net: NetName=NetLED4_LINE4_VDD Pin=LED4_LINE4-VDD
Added Pin To Net: NetName=NetLED3_LINE5_Dout Pin=LED4_LINE5-Din
Added Pin To Net: NetName=NetLED4_LINE5_Dout Pin=LED4_LINE5-Dout
Added Pin To Net: NetName=Netconnector1_GND Pin=LED4_LINE5-GND
Added Pin To Net: NetName=NetLED4_LINE5_VDD Pin=LED4_LINE5-VDD
Added Pin To Net: NetName=NetLED3_LINE6_Dout Pin=LED4_LINE6-Din
Added Pin To Net: NetName=NetLED4_LINE6_Dout Pin=LED4_LINE6-Dout
Added Pin To Net: NetName=Netconnector1_GND Pin=LED4_LINE6-GND
Added Pin To Net: NetName=NetLED4_LINE6_VDD Pin=LED4_LINE6-VDD
Added Pin To Net: NetName=NetLED3_LINE7_Dout Pin=LED4_LINE7-Din
Added Pin To Net: NetName=NetLED4_LINE7_Dout Pin=LED4_LINE7-Dout
Added Pin To Net: NetName=Netconnector1_GND Pin=LED4_LINE7-GND
Added Pin To Net: NetName=NetLED4_LINE7_VDD Pin=LED4_LINE7-VDD
Added Pin To Net: NetName=NetLED3_LINE8_Dout Pin=LED4_LINE8-Din
Added Pin To Net: NetName=NetLED4_LINE8_Dout Pin=LED4_LINE8-Dout
Added Pin To Net: NetName=Netconnector1_GND Pin=LED4_LINE8-GND
Added Pin To Net: NetName=NetLED4_LINE8_VDD Pin=LED4_LINE8-VDD
Added Pin To Net: NetName=NetLED4_LINE2_Dout Pin=LED5_LINE2-Din
Added Pin To Net: NetName=NetLED5_LINE2_Dout Pin=LED5_LINE2-Dout
Added Pin To Net: NetName=Netconnector1_GND Pin=LED5_LINE2-GND
Added Pin To Net: NetName=NetLED5_LINE2_VDD Pin=LED5_LINE2-VDD
Added Pin To Net: NetName=NetLED4_LINE3_Dout Pin=LED5_LINE3-Din
Added Pin To Net: NetName=NetLED5_LINE3_Dout Pin=LED5_LINE3-Dout
Added Pin To Net: NetName=Netconnector1_GND Pin=LED5_LINE3-GND
Added Pin To Net: NetName=NetLED5_LINE3_VDD Pin=LED5_LINE3-VDD
Added Pin To Net: NetName=NetLED4_LINE4_Dout Pin=LED5_LINE4-Din
Added Pin To Net: NetName=NetLED5_LINE4_Dout Pin=LED5_LINE4-Dout
Added Pin To Net: NetName=Netconnector1_GND Pin=LED5_LINE4-GND
Added Pin To Net: NetName=NetLED5_LINE4_VDD Pin=LED5_LINE4-VDD
Added Pin To Net: NetName=NetLED4_LINE5_Dout Pin=LED5_LINE5-Din
Added Pin To Net: NetName=NetLED5_LINE5_Dout Pin=LED5_LINE5-Dout
Added Pin To Net: NetName=Netconnector1_GND Pin=LED5_LINE5-GND
Added Pin To Net: NetName=NetLED5_LINE5_VDD Pin=LED5_LINE5-VDD
Added Pin To Net: NetName=NetLED4_LINE6_Dout Pin=LED5_LINE6-Din
Added Pin To Net: NetName=NetLED5_LINE6_Dout Pin=LED5_LINE6-Dout
Added Pin To Net: NetName=Netconnector1_GND Pin=LED5_LINE6-GND
Added Pin To Net: NetName=NetLED5_LINE6_VDD Pin=LED5_LINE6-VDD
Added Pin To Net: NetName=NetLED4_LINE7_Dout Pin=LED5_LINE7-Din
Added Pin To Net: NetName=NetLED5_LINE7_Dout Pin=LED5_LINE7-Dout
Added Pin To Net: NetName=Netconnector1_GND Pin=LED5_LINE7-GND
Added Pin To Net: NetName=NetLED5_LINE7_VDD Pin=LED5_LINE7-VDD
Added Pin To Net: NetName=NetLED4_LINE8_Dout Pin=LED5_LINE8-Din
Added Pin To Net: NetName=NetLED5_LINE8_Dout Pin=LED5_LINE8-Dout
Added Pin To Net: NetName=Netconnector1_GND Pin=LED5_LINE8-GND
Added Pin To Net: NetName=NetLED5_LINE8_VDD Pin=LED5_LINE8-VDD
Added Pin To Net: NetName=NetLED5_LINE2_Dout Pin=LED6_LINE2-Din
Added Pin To Net: NetName=NetLED6_LINE2_Dout Pin=LED6_LINE2-Dout
Added Pin To Net: NetName=Netconnector1_GND Pin=LED6_LINE2-GND
Added Pin To Net: NetName=NetLED6_LINE2_VDD Pin=LED6_LINE2-VDD
Added Pin To Net: NetName=NetLED5_LINE3_Dout Pin=LED6_LINE3-Din
Added Pin To Net: NetName=NetLED6_LINE3_Dout Pin=LED6_LINE3-Dout
Added Pin To Net: NetName=Netconnector1_GND Pin=LED6_LINE3-GND
Added Pin To Net: NetName=NetLED6_LINE3_VDD Pin=LED6_LINE3-VDD
Added Pin To Net: NetName=NetLED5_LINE4_Dout Pin=LED6_LINE4-Din
Added Pin To Net: NetName=NetLED6_LINE4_Dout Pin=LED6_LINE4-Dout
Added Pin To Net: NetName=Netconnector1_GND Pin=LED6_LINE4-GND
Added Pin To Net: NetName=NetLED6_LINE4_VDD Pin=LED6_LINE4-VDD
Added Pin To Net: NetName=NetLED5_LINE5_Dout Pin=LED6_LINE5-Din
Added Pin To Net: NetName=NetLED6_LINE5_Dout Pin=LED6_LINE5-Dout
Added Pin To Net: NetName=Netconnector1_GND Pin=LED6_LINE5-GND
Added Pin To Net: NetName=NetLED6_LINE5_VDD Pin=LED6_LINE5-VDD
Added Pin To Net: NetName=NetLED5_LINE6_Dout Pin=LED6_LINE6-Din
Added Pin To Net: NetName=NetLED6_LINE6_Dout Pin=LED6_LINE6-Dout
Added Pin To Net: NetName=Netconnector1_GND Pin=LED6_LINE6-GND
Added Pin To Net: NetName=NetLED6_LINE6_VDD Pin=LED6_LINE6-VDD
Added Pin To Net: NetName=NetLED5_LINE7_Dout Pin=LED6_LINE7-Din
Added Pin To Net: NetName=NetLED6_LINE7_Dout Pin=LED6_LINE7-Dout
Added Pin To Net: NetName=Netconnector1_GND Pin=LED6_LINE7-GND
Added Pin To Net: NetName=NetLED6_LINE7_VDD Pin=LED6_LINE7-VDD
Added Pin To Net: NetName=NetLED5_LINE8_Dout Pin=LED6_LINE8-Din
Added Pin To Net: NetName=NetLED6_LINE8_Dout Pin=LED6_LINE8-Dout
Added Pin To Net: NetName=Netconnector1_GND Pin=LED6_LINE8-GND
Added Pin To Net: NetName=NetLED6_LINE8_VDD Pin=LED6_LINE8-VDD
Added Pin To Net: NetName=NetLED6_LINE2_Dout Pin=LED7_LINE2-Din
Added Pin To Net: NetName=NetLED7_LINE2_Dout Pin=LED7_LINE2-Dout
Added Pin To Net: NetName=Netconnector1_GND Pin=LED7_LINE2-GND
Added Pin To Net: NetName=NetLED7_LINE2_VDD Pin=LED7_LINE2-VDD
Added Pin To Net: NetName=NetLED6_LINE3_Dout Pin=LED7_LINE3-Din
Added Pin To Net: NetName=NetLED7_LINE3_Dout Pin=LED7_LINE3-Dout
Added Pin To Net: NetName=Netconnector1_GND Pin=LED7_LINE3-GND
Added Pin To Net: NetName=NetLED7_LINE3_VDD Pin=LED7_LINE3-VDD
Added Pin To Net: NetName=NetLED6_LINE4_Dout Pin=LED7_LINE4-Din
Added Pin To Net: NetName=NetLED7_LINE4_Dout Pin=LED7_LINE4-Dout
Added Pin To Net: NetName=Netconnector1_GND Pin=LED7_LINE4-GND
Added Pin To Net: NetName=NetLED7_LINE4_VDD Pin=LED7_LINE4-VDD
Added Pin To Net: NetName=NetLED6_LINE5_Dout Pin=LED7_LINE5-Din
Added Pin To Net: NetName=NetLED7_LINE5_Dout Pin=LED7_LINE5-Dout
Added Pin To Net: NetName=Netconnector1_GND Pin=LED7_LINE5-GND
Added Pin To Net: NetName=NetLED7_LINE5_VDD Pin=LED7_LINE5-VDD
Added Pin To Net: NetName=NetLED6_LINE6_Dout Pin=LED7_LINE6-Din
Added Pin To Net: NetName=NetLED7_LINE6_Dout Pin=LED7_LINE6-Dout
Added Pin To Net: NetName=Netconnector1_GND Pin=LED7_LINE6-GND
Added Pin To Net: NetName=NetLED7_LINE6_VDD Pin=LED7_LINE6-VDD
Added Pin To Net: NetName=NetLED6_LINE7_Dout Pin=LED7_LINE7-Din
Added Pin To Net: NetName=NetLED7_LINE7_Dout Pin=LED7_LINE7-Dout
Added Pin To Net: NetName=Netconnector1_GND Pin=LED7_LINE7-GND
Added Pin To Net: NetName=NetLED7_LINE7_VDD Pin=LED7_LINE7-VDD
Added Pin To Net: NetName=NetLED6_LINE8_Dout Pin=LED7_LINE8-Din
Added Pin To Net: NetName=NetLED7_LINE8_Dout Pin=LED7_LINE8-Dout
Added Pin To Net: NetName=Netconnector1_GND Pin=LED7_LINE8-GND
Added Pin To Net: NetName=NetLED7_LINE8_VDD Pin=LED7_LINE8-VDD
Added Pin To Net: NetName=NetLED7_LINE2_Dout Pin=LED8_LINE2-Din
Added Pin To Net: NetName=Netconnector1_GND Pin=LED8_LINE2-GND
Added Pin To Net: NetName=NetLED8_LINE2_VDD Pin=LED8_LINE2-VDD
Added Pin To Net: NetName=NetLED7_LINE3_Dout Pin=LED8_LINE3-Din
Added Pin To Net: NetName=Netconnector1_GND Pin=LED8_LINE3-GND
Added Pin To Net: NetName=NetLED8_LINE3_VDD Pin=LED8_LINE3-VDD
Added Pin To Net: NetName=NetLED7_LINE4_Dout Pin=LED8_LINE4-Din
Added Pin To Net: NetName=Netconnector1_GND Pin=LED8_LINE4-GND
Added Pin To Net: NetName=NetLED8_LINE4_VDD Pin=LED8_LINE4-VDD
Added Pin To Net: NetName=NetLED7_LINE5_Dout Pin=LED8_LINE5-Din
Added Pin To Net: NetName=Netconnector1_GND Pin=LED8_LINE5-GND
Added Pin To Net: NetName=NetLED8_LINE5_VDD Pin=LED8_LINE5-VDD
Added Pin To Net: NetName=NetLED7_LINE6_Dout Pin=LED8_LINE6-Din
Added Pin To Net: NetName=Netconnector1_GND Pin=LED8_LINE6-GND
Added Pin To Net: NetName=NetLED8_LINE6_VDD Pin=LED8_LINE6-VDD
Added Pin To Net: NetName=NetLED7_LINE7_Dout Pin=LED8_LINE7-Din
Added Pin To Net: NetName=Netconnector1_GND Pin=LED8_LINE7-GND
Added Pin To Net: NetName=NetLED8_LINE7_VDD Pin=LED8_LINE7-VDD
Added Pin To Net: NetName=NetLED7_LINE8_Dout Pin=LED8_LINE8-Din
Added Pin To Net: NetName=Netconnector1_GND Pin=LED8_LINE8-GND
Added Pin To Net: NetName=NetLED8_LINE8_VDD Pin=LED8_LINE8-VDD
Added Pin To Net: NetName=NetLED1_LINE2_VDD Pin=R1_LINE2-1
Added Pin To Net: NetName=Netconnector1_VDD Pin=R1_LINE2-2
Added Pin To Net: NetName=NetLED1_LINE3_VDD Pin=R1_LINE3-1
Added Pin To Net: NetName=Netconnector1_VDD Pin=R1_LINE3-2
Added Pin To Net: NetName=NetLED1_LINE4_VDD Pin=R1_LINE4-1
Added Pin To Net: NetName=Netconnector1_VDD Pin=R1_LINE4-2
Added Pin To Net: NetName=NetLED1_LINE5_VDD Pin=R1_LINE5-1
Added Pin To Net: NetName=Netconnector1_VDD Pin=R1_LINE5-2
Added Pin To Net: NetName=NetLED1_LINE6_VDD Pin=R1_LINE6-1
Added Pin To Net: NetName=Netconnector1_VDD Pin=R1_LINE6-2
Added Pin To Net: NetName=NetLED1_LINE7_VDD Pin=R1_LINE7-1
Added Pin To Net: NetName=Netconnector1_VDD Pin=R1_LINE7-2
Added Pin To Net: NetName=NetLED1_LINE8_VDD Pin=R1_LINE8-1
Added Pin To Net: NetName=Netconnector1_VDD Pin=R1_LINE8-2
Added Pin To Net: NetName=NetLED2_LINE2_VDD Pin=R2_LINE2-1
Added Pin To Net: NetName=Netconnector1_VDD Pin=R2_LINE2-2
Added Pin To Net: NetName=NetLED2_LINE3_VDD Pin=R2_LINE3-1
Added Pin To Net: NetName=Netconnector1_VDD Pin=R2_LINE3-2
Added Pin To Net: NetName=NetLED2_LINE4_VDD Pin=R2_LINE4-1
Added Pin To Net: NetName=Netconnector1_VDD Pin=R2_LINE4-2
Added Pin To Net: NetName=NetLED2_LINE5_VDD Pin=R2_LINE5-1
Added Pin To Net: NetName=Netconnector1_VDD Pin=R2_LINE5-2
Added Pin To Net: NetName=NetLED2_LINE6_VDD Pin=R2_LINE6-1
Added Pin To Net: NetName=Netconnector1_VDD Pin=R2_LINE6-2
Added Pin To Net: NetName=NetLED2_LINE7_VDD Pin=R2_LINE7-1
Added Pin To Net: NetName=Netconnector1_VDD Pin=R2_LINE7-2
Added Pin To Net: NetName=NetLED2_LINE8_VDD Pin=R2_LINE8-1
Added Pin To Net: NetName=Netconnector1_VDD Pin=R2_LINE8-2
Added Pin To Net: NetName=NetLED3_LINE2_VDD Pin=R3_LINE2-1
Added Pin To Net: NetName=Netconnector1_VDD Pin=R3_LINE2-2
Added Pin To Net: NetName=NetLED3_LINE3_VDD Pin=R3_LINE3-1
Added Pin To Net: NetName=Netconnector1_VDD Pin=R3_LINE3-2
Added Pin To Net: NetName=NetLED3_LINE4_VDD Pin=R3_LINE4-1
Added Pin To Net: NetName=Netconnector1_VDD Pin=R3_LINE4-2
Added Pin To Net: NetName=NetLED3_LINE5_VDD Pin=R3_LINE5-1
Added Pin To Net: NetName=Netconnector1_VDD Pin=R3_LINE5-2
Added Pin To Net: NetName=NetLED3_LINE6_VDD Pin=R3_LINE6-1
Added Pin To Net: NetName=Netconnector1_VDD Pin=R3_LINE6-2
Added Pin To Net: NetName=NetLED3_LINE7_VDD Pin=R3_LINE7-1
Added Pin To Net: NetName=Netconnector1_VDD Pin=R3_LINE7-2
Added Pin To Net: NetName=NetLED3_LINE8_VDD Pin=R3_LINE8-1
Added Pin To Net: NetName=Netconnector1_VDD Pin=R3_LINE8-2
Added Pin To Net: NetName=NetLED4_LINE2_VDD Pin=R4_LINE2-1
Added Pin To Net: NetName=Netconnector1_VDD Pin=R4_LINE2-2
Added Pin To Net: NetName=NetLED4_LINE3_VDD Pin=R4_LINE3-1
Added Pin To Net: NetName=Netconnector1_VDD Pin=R4_LINE3-2
Added Pin To Net: NetName=NetLED4_LINE4_VDD Pin=R4_LINE4-1
Added Pin To Net: NetName=Netconnector1_VDD Pin=R4_LINE4-2
Added Pin To Net: NetName=NetLED4_LINE5_VDD Pin=R4_LINE5-1
Added Pin To Net: NetName=Netconnector1_VDD Pin=R4_LINE5-2
Added Pin To Net: NetName=NetLED4_LINE6_VDD Pin=R4_LINE6-1
Added Pin To Net: NetName=Netconnector1_VDD Pin=R4_LINE6-2
Added Pin To Net: NetName=NetLED4_LINE7_VDD Pin=R4_LINE7-1
Added Pin To Net: NetName=Netconnector1_VDD Pin=R4_LINE7-2
Added Pin To Net: NetName=NetLED4_LINE8_VDD Pin=R4_LINE8-1
Added Pin To Net: NetName=Netconnector1_VDD Pin=R4_LINE8-2
Added Pin To Net: NetName=NetLED5_LINE2_VDD Pin=R5_LINE2-1
Added Pin To Net: NetName=Netconnector1_VDD Pin=R5_LINE2-2
Added Pin To Net: NetName=NetLED5_LINE3_VDD Pin=R5_LINE3-1
Added Pin To Net: NetName=Netconnector1_VDD Pin=R5_LINE3-2
Added Pin To Net: NetName=NetLED5_LINE4_VDD Pin=R5_LINE4-1
Added Pin To Net: NetName=Netconnector1_VDD Pin=R5_LINE4-2
Added Pin To Net: NetName=NetLED5_LINE5_VDD Pin=R5_LINE5-1
Added Pin To Net: NetName=Netconnector1_VDD Pin=R5_LINE5-2
Added Pin To Net: NetName=NetLED5_LINE6_VDD Pin=R5_LINE6-1
Added Pin To Net: NetName=Netconnector1_VDD Pin=R5_LINE6-2
Added Pin To Net: NetName=NetLED5_LINE7_VDD Pin=R5_LINE7-1
Added Pin To Net: NetName=Netconnector1_VDD Pin=R5_LINE7-2
Added Pin To Net: NetName=NetLED5_LINE8_VDD Pin=R5_LINE8-1
Added Pin To Net: NetName=Netconnector1_VDD Pin=R5_LINE8-2
Added Pin To Net: NetName=NetLED6_LINE2_VDD Pin=R6_LINE2-1
Added Pin To Net: NetName=Netconnector1_VDD Pin=R6_LINE2-2
Added Pin To Net: NetName=NetLED6_LINE3_VDD Pin=R6_LINE3-1
Added Pin To Net: NetName=Netconnector1_VDD Pin=R6_LINE3-2
Added Pin To Net: NetName=NetLED6_LINE4_VDD Pin=R6_LINE4-1
Added Pin To Net: NetName=Netconnector1_VDD Pin=R6_LINE4-2
Added Pin To Net: NetName=NetLED6_LINE5_VDD Pin=R6_LINE5-1
Added Pin To Net: NetName=Netconnector1_VDD Pin=R6_LINE5-2
Added Pin To Net: NetName=NetLED6_LINE6_VDD Pin=R6_LINE6-1
Added Pin To Net: NetName=Netconnector1_VDD Pin=R6_LINE6-2
Added Pin To Net: NetName=NetLED6_LINE7_VDD Pin=R6_LINE7-1
Added Pin To Net: NetName=Netconnector1_VDD Pin=R6_LINE7-2
Added Pin To Net: NetName=NetLED6_LINE8_VDD Pin=R6_LINE8-1
Added Pin To Net: NetName=Netconnector1_VDD Pin=R6_LINE8-2
Added Pin To Net: NetName=NetLED7_LINE2_VDD Pin=R7_LINE2-1
Added Pin To Net: NetName=Netconnector1_VDD Pin=R7_LINE2-2
Added Pin To Net: NetName=NetLED7_LINE3_VDD Pin=R7_LINE3-1
Added Pin To Net: NetName=Netconnector1_VDD Pin=R7_LINE3-2
Added Pin To Net: NetName=NetLED7_LINE4_VDD Pin=R7_LINE4-1
Added Pin To Net: NetName=Netconnector1_VDD Pin=R7_LINE4-2
Added Pin To Net: NetName=NetLED7_LINE5_VDD Pin=R7_LINE5-1
Added Pin To Net: NetName=Netconnector1_VDD Pin=R7_LINE5-2
Added Pin To Net: NetName=NetLED7_LINE6_VDD Pin=R7_LINE6-1
Added Pin To Net: NetName=Netconnector1_VDD Pin=R7_LINE6-2
Added Pin To Net: NetName=NetLED7_LINE7_VDD Pin=R7_LINE7-1
Added Pin To Net: NetName=Netconnector1_VDD Pin=R7_LINE7-2
Added Pin To Net: NetName=NetLED7_LINE8_VDD Pin=R7_LINE8-1
Added Pin To Net: NetName=Netconnector1_VDD Pin=R7_LINE8-2
Added Pin To Net: NetName=NetLED8_LINE2_VDD Pin=R8_LINE2-1
Added Pin To Net: NetName=Netconnector1_VDD Pin=R8_LINE2-2
Added Pin To Net: NetName=NetLED8_LINE3_VDD Pin=R8_LINE3-1
Added Pin To Net: NetName=Netconnector1_VDD Pin=R8_LINE3-2
Added Pin To Net: NetName=NetLED8_LINE4_VDD Pin=R8_LINE4-1
Added Pin To Net: NetName=Netconnector1_VDD Pin=R8_LINE4-2
Added Pin To Net: NetName=NetLED8_LINE5_VDD Pin=R8_LINE5-1
Added Pin To Net: NetName=Netconnector1_VDD Pin=R8_LINE5-2
Added Pin To Net: NetName=NetLED8_LINE6_VDD Pin=R8_LINE6-1
Added Pin To Net: NetName=Netconnector1_VDD Pin=R8_LINE6-2
Added Pin To Net: NetName=NetLED8_LINE7_VDD Pin=R8_LINE7-1
Added Pin To Net: NetName=Netconnector1_VDD Pin=R8_LINE7-2
Added Pin To Net: NetName=NetLED8_LINE8_VDD Pin=R8_LINE8-1
Added Pin To Net: NetName=Netconnector1_VDD Pin=R8_LINE8-2
Added Member To Class: ClassName=LINE1 Member=Component LED1_LINE1 (LED1)
Added Member To Class: ClassName=LINE2 Member=Component LED1_LINE2 (LED1)
Added Member To Class: ClassName=LINE3 Member=Component LED1_LINE3 (LED1)
Added Member To Class: ClassName=LINE4 Member=Component LED1_LINE4 (LED1)
Added Member To Class: ClassName=LINE5 Member=Component LED1_LINE5 (LED1)
Added Member To Class: ClassName=LINE6 Member=Component LED1_LINE6 (LED1)
Added Member To Class: ClassName=LINE7 Member=Component LED1_LINE7 (LED1)
Added Member To Class: ClassName=LINE8 Member=Component LED1_LINE8 (LED1)
Added Member To Class: ClassName=LINE1 Member=Component LED2_LINE1 (LED2)
Added Member To Class: ClassName=LINE2 Member=Component LED2_LINE2 (LED2)
Added Member To Class: ClassName=LINE3 Member=Component LED2_LINE3 (LED2)
Added Member To Class: ClassName=LINE4 Member=Component LED2_LINE4 (LED2)
Added Member To Class: ClassName=LINE5 Member=Component LED2_LINE5 (LED2)
Added Member To Class: ClassName=LINE6 Member=Component LED2_LINE6 (LED2)
Added Member To Class: ClassName=LINE7 Member=Component LED2_LINE7 (LED2)
Added Member To Class: ClassName=LINE8 Member=Component LED2_LINE8 (LED2)
Added Member To Class: ClassName=LINE1 Member=Component LED3_LINE1 (LED3)
Added Member To Class: ClassName=LINE2 Member=Component LED3_LINE2 (LED3)
Added Member To Class: ClassName=LINE3 Member=Component LED3_LINE3 (LED3)
Added Member To Class: ClassName=LINE4 Member=Component LED3_LINE4 (LED3)
Added Member To Class: ClassName=LINE5 Member=Component LED3_LINE5 (LED3)
Added Member To Class: ClassName=LINE6 Member=Component LED3_LINE6 (LED3)
Added Member To Class: ClassName=LINE7 Member=Component LED3_LINE7 (LED3)
Added Member To Class: ClassName=LINE8 Member=Component LED3_LINE8 (LED3)
Added Member To Class: ClassName=LINE1 Member=Component LED4_LINE1 (LED4)
Added Member To Class: ClassName=LINE2 Member=Component LED4_LINE2 (LED4)
Added Member To Class: ClassName=LINE3 Member=Component LED4_LINE3 (LED4)
Added Member To Class: ClassName=LINE4 Member=Component LED4_LINE4 (LED4)
Added Member To Class: ClassName=LINE5 Member=Component LED4_LINE5 (LED4)
Added Member To Class: ClassName=LINE6 Member=Component LED4_LINE6 (LED4)
Added Member To Class: ClassName=LINE7 Member=Component LED4_LINE7 (LED4)
Added Member To Class: ClassName=LINE8 Member=Component LED4_LINE8 (LED4)
Added Member To Class: ClassName=LINE1 Member=Component LED5_LINE1 (LED5)
Added Member To Class: ClassName=LINE2 Member=Component LED5_LINE2 (LED5)
Added Member To Class: ClassName=LINE3 Member=Component LED5_LINE3 (LED5)
Added Member To Class: ClassName=LINE4 Member=Component LED5_LINE4 (LED5)
Added Member To Class: ClassName=LINE5 Member=Component LED5_LINE5 (LED5)
Added Member To Class: ClassName=LINE6 Member=Component LED5_LINE6 (LED5)
Added Member To Class: ClassName=LINE7 Member=Component LED5_LINE7 (LED5)
Added Member To Class: ClassName=LINE8 Member=Component LED5_LINE8 (LED5)
Added Member To Class: ClassName=LINE1 Member=Component LED6_LINE1 (LED6)
Added Member To Class: ClassName=LINE2 Member=Component LED6_LINE2 (LED6)
Added Member To Class: ClassName=LINE3 Member=Component LED6_LINE3 (LED6)
Added Member To Class: ClassName=LINE4 Member=Component LED6_LINE4 (LED6)
Added Member To Class: ClassName=LINE5 Member=Component LED6_LINE5 (LED6)
Added Member To Class: ClassName=LINE6 Member=Component LED6_LINE6 (LED6)
Added Member To Class: ClassName=LINE7 Member=Component LED6_LINE7 (LED6)
Added Member To Class: ClassName=LINE8 Member=Component LED6_LINE8 (LED6)
Added Member To Class: ClassName=LINE1 Member=Component LED7_LINE1 (LED7)
Added Member To Class: ClassName=LINE2 Member=Component LED7_LINE2 (LED7)
Added Member To Class: ClassName=LINE3 Member=Component LED7_LINE3 (LED7)
Added Member To Class: ClassName=LINE4 Member=Component LED7_LINE4 (LED7)
Added Member To Class: ClassName=LINE5 Member=Component LED7_LINE5 (LED7)
Added Member To Class: ClassName=LINE6 Member=Component LED7_LINE6 (LED7)
Added Member To Class: ClassName=LINE7 Member=Component LED7_LINE7 (LED7)
Added Member To Class: ClassName=LINE8 Member=Component LED7_LINE8 (LED7)
Added Member To Class: ClassName=LINE1 Member=Component LED8_LINE1 (LED8)
Added Member To Class: ClassName=LINE2 Member=Component LED8_LINE2 (LED8)
Added Member To Class: ClassName=LINE3 Member=Component LED8_LINE3 (LED8)
Added Member To Class: ClassName=LINE4 Member=Component LED8_LINE4 (LED8)
Added Member To Class: ClassName=LINE5 Member=Component LED8_LINE5 (LED8)
Added Member To Class: ClassName=LINE6 Member=Component LED8_LINE6 (LED8)
Added Member To Class: ClassName=LINE7 Member=Component LED8_LINE7 (LED8)
Added Member To Class: ClassName=LINE8 Member=Component LED8_LINE8 (LED8)
Added Member To Class: ClassName=LINE1 Member=Component R1_LINE1 (R1) resistor 2.2K
Added Member To Class: ClassName=LINE2 Member=Component R1_LINE2 (R1) resistor 2.2K
Added Member To Class: ClassName=LINE3 Member=Component R1_LINE3 (R1) resistor 2.2K
Added Member To Class: ClassName=LINE4 Member=Component R1_LINE4 (R1) resistor 2.2K
Added Member To Class: ClassName=LINE5 Member=Component R1_LINE5 (R1) resistor 2.2K
Added Member To Class: ClassName=LINE6 Member=Component R1_LINE6 (R1) resistor 2.2K
Added Member To Class: ClassName=LINE7 Member=Component R1_LINE7 (R1) resistor 2.2K
Added Member To Class: ClassName=LINE8 Member=Component R1_LINE8 (R1) resistor 2.2K
Added Member To Class: ClassName=LINE1 Member=Component R2_LINE1 (R2) resistor 2.2K
Added Member To Class: ClassName=LINE2 Member=Component R2_LINE2 (R2) resistor 2.2K
Added Member To Class: ClassName=LINE3 Member=Component R2_LINE3 (R2) resistor 2.2K
Added Member To Class: ClassName=LINE4 Member=Component R2_LINE4 (R2) resistor 2.2K
Added Member To Class: ClassName=LINE5 Member=Component R2_LINE5 (R2) resistor 2.2K
Added Member To Class: ClassName=LINE6 Member=Component R2_LINE6 (R2) resistor 2.2K
Added Member To Class: ClassName=LINE7 Member=Component R2_LINE7 (R2) resistor 2.2K
Added Member To Class: ClassName=LINE8 Member=Component R2_LINE8 (R2) resistor 2.2K
Added Member To Class: ClassName=LINE1 Member=Component R3_LINE1 (R3) resistor 2.2K
Added Member To Class: ClassName=LINE2 Member=Component R3_LINE2 (R3) resistor 2.2K
Added Member To Class: ClassName=LINE3 Member=Component R3_LINE3 (R3) resistor 2.2K
Added Member To Class: ClassName=LINE4 Member=Component R3_LINE4 (R3) resistor 2.2K
Added Member To Class: ClassName=LINE5 Member=Component R3_LINE5 (R3) resistor 2.2K
Added Member To Class: ClassName=LINE6 Member=Component R3_LINE6 (R3) resistor 2.2K
Added Member To Class: ClassName=LINE7 Member=Component R3_LINE7 (R3) resistor 2.2K
Added Member To Class: ClassName=LINE8 Member=Component R3_LINE8 (R3) resistor 2.2K
Added Member To Class: ClassName=LINE1 Member=Component R4_LINE1 (R4) resistor 2.2K
Added Member To Class: ClassName=LINE2 Member=Component R4_LINE2 (R4) resistor 2.2K
Added Member To Class: ClassName=LINE3 Member=Component R4_LINE3 (R4) resistor 2.2K
Added Member To Class: ClassName=LINE4 Member=Component R4_LINE4 (R4) resistor 2.2K
Added Member To Class: ClassName=LINE5 Member=Component R4_LINE5 (R4) resistor 2.2K
Added Member To Class: ClassName=LINE6 Member=Component R4_LINE6 (R4) resistor 2.2K
Added Member To Class: ClassName=LINE7 Member=Component R4_LINE7 (R4) resistor 2.2K
Added Member To Class: ClassName=LINE8 Member=Component R4_LINE8 (R4) resistor 2.2K
Added Member To Class: ClassName=LINE1 Member=Component R5_LINE1 (R5) resistor 2.2K
Added Member To Class: ClassName=LINE2 Member=Component R5_LINE2 (R5) resistor 2.2K
Added Member To Class: ClassName=LINE3 Member=Component R5_LINE3 (R5) resistor 2.2K
Added Member To Class: ClassName=LINE4 Member=Component R5_LINE4 (R5) resistor 2.2K
Added Member To Class: ClassName=LINE5 Member=Component R5_LINE5 (R5) resistor 2.2K
Added Member To Class: ClassName=LINE6 Member=Component R5_LINE6 (R5) resistor 2.2K
Added Member To Class: ClassName=LINE7 Member=Component R5_LINE7 (R5) resistor 2.2K
Added Member To Class: ClassName=LINE8 Member=Component R5_LINE8 (R5) resistor 2.2K
Added Member To Class: ClassName=LINE1 Member=Component R6_LINE1 (R6) resistor 2.2K
Added Member To Class: ClassName=LINE2 Member=Component R6_LINE2 (R6) resistor 2.2K
Added Member To Class: ClassName=LINE3 Member=Component R6_LINE3 (R6) resistor 2.2K
Added Member To Class: ClassName=LINE4 Member=Component R6_LINE4 (R6) resistor 2.2K
Added Member To Class: ClassName=LINE5 Member=Component R6_LINE5 (R6) resistor 2.2K
Added Member To Class: ClassName=LINE6 Member=Component R6_LINE6 (R6) resistor 2.2K
Added Member To Class: ClassName=LINE7 Member=Component R6_LINE7 (R6) resistor 2.2K
Added Member To Class: ClassName=LINE8 Member=Component R6_LINE8 (R6) resistor 2.2K
Added Member To Class: ClassName=LINE1 Member=Component R7_LINE1 (R7) resistor 2.2K
Added Member To Class: ClassName=LINE2 Member=Component R7_LINE2 (R7) resistor 2.2K
Added Member To Class: ClassName=LINE3 Member=Component R7_LINE3 (R7) resistor 2.2K
Added Member To Class: ClassName=LINE4 Member=Component R7_LINE4 (R7) resistor 2.2K
Added Member To Class: ClassName=LINE5 Member=Component R7_LINE5 (R7) resistor 2.2K
Added Member To Class: ClassName=LINE6 Member=Component R7_LINE6 (R7) resistor 2.2K
Added Member To Class: ClassName=LINE7 Member=Component R7_LINE7 (R7) resistor 2.2K
Added Member To Class: ClassName=LINE8 Member=Component R7_LINE8 (R7) resistor 2.2K
Added Member To Class: ClassName=LINE1 Member=Component R8_LINE1 (R8) resistor 2.2K
Added Member To Class: ClassName=LINE2 Member=Component R8_LINE2 (R8) resistor 2.2K
Added Member To Class: ClassName=LINE3 Member=Component R8_LINE3 (R8) resistor 2.2K
Added Member To Class: ClassName=LINE4 Member=Component R8_LINE4 (R8) resistor 2.2K
Added Member To Class: ClassName=LINE5 Member=Component R8_LINE5 (R8) resistor 2.2K
Added Member To Class: ClassName=LINE6 Member=Component R8_LINE6 (R8) resistor 2.2K
Added Member To Class: ClassName=LINE7 Member=Component R8_LINE7 (R8) resistor 2.2K
Added Member To Class: ClassName=LINE8 Member=Component R8_LINE8 (R8) resistor 2.2K
