Removed Member From Class: ClassName=LED Member=LED1
Removed Member From Class: ClassName=LED Member=LED2
Removed Member From Class: ClassName=LED Member=LED3
Removed Member From Class: ClassName=LED Member=LED4
Removed Member From Class: ClassName=LED Member=LED5
Removed Member From Class: ClassName=LED Member=LED6
Removed Member From Class: ClassName=LED Member=LED7
Removed Member From Class: ClassName=LED Member=LED8
Change Component Designator: OldDesignator=LED1_LED1 NewDesignator=LED1_LINE1
Change Component Designator: OldDesignator=LED1_LED2 NewDesignator=LED1_LINE2
Change Component Designator: OldDesignator=LED1_LED3 NewDesignator=LED1_LINE3
Change Component Designator: OldDesignator=LED1_LED4 NewDesignator=LED1_LINE4
Change Component Designator: OldDesignator=LED1_LED5 NewDesignator=LED1_LINE5
Change Component Designator: OldDesignator=LED1_LED6 NewDesignator=LED1_LINE6
Change Component Designator: OldDesignator=LED1_LED7 NewDesignator=LED1_LINE7
Change Component Designator: OldDesignator=LED1_LED8 NewDesignator=LED1_LINE8
Change Component Designator: OldDesignator=LED2_LED1 NewDesignator=LED2_LINE1
Change Component Designator: OldDesignator=LED2_LED2 NewDesignator=LED2_LINE2
Change Component Designator: OldDesignator=LED2_LED3 NewDesignator=LED2_LINE3
Change Component Designator: OldDesignator=LED2_LED4 NewDesignator=LED2_LINE4
Change Component Designator: OldDesignator=LED2_LED5 NewDesignator=LED2_LINE5
Change Component Designator: OldDesignator=LED2_LED6 NewDesignator=LED2_LINE6
Change Component Designator: OldDesignator=LED2_LED7 NewDesignator=LED2_LINE7
Change Component Designator: OldDesignator=LED2_LED8 NewDesignator=LED2_LINE8
Change Component Designator: OldDesignator=LED3_LED1 NewDesignator=LED3_LINE1
Change Component Designator: OldDesignator=LED3_LED2 NewDesignator=LED3_LINE2
Change Component Designator: OldDesignator=LED3_LED3 NewDesignator=LED3_LINE3
Change Component Designator: OldDesignator=LED3_LED4 NewDesignator=LED3_LINE4
Change Component Designator: OldDesignator=LED3_LED5 NewDesignator=LED3_LINE5
Change Component Designator: OldDesignator=LED3_LED6 NewDesignator=LED3_LINE6
Change Component Designator: OldDesignator=LED3_LED7 NewDesignator=LED3_LINE7
Change Component Designator: OldDesignator=LED3_LED8 NewDesignator=LED3_LINE8
Change Component Designator: OldDesignator=LED4_LED1 NewDesignator=LED4_LINE1
Change Component Designator: OldDesignator=LED4_LED2 NewDesignator=LED4_LINE2
Change Component Designator: OldDesignator=LED4_LED3 NewDesignator=LED4_LINE3
Change Component Designator: OldDesignator=LED4_LED4 NewDesignator=LED4_LINE4
Change Component Designator: OldDesignator=LED4_LED5 NewDesignator=LED4_LINE5
Change Component Designator: OldDesignator=LED4_LED6 NewDesignator=LED4_LINE6
Change Component Designator: OldDesignator=LED4_LED7 NewDesignator=LED4_LINE7
Change Component Designator: OldDesignator=LED4_LED8 NewDesignator=LED4_LINE8
Change Component Designator: OldDesignator=LED5_LED1 NewDesignator=LED5_LINE1
Change Component Designator: OldDesignator=LED5_LED2 NewDesignator=LED5_LINE2
Change Component Designator: OldDesignator=LED5_LED3 NewDesignator=LED5_LINE3
Change Component Designator: OldDesignator=LED5_LED4 NewDesignator=LED5_LINE4
Change Component Designator: OldDesignator=LED5_LED5 NewDesignator=LED5_LINE5
Change Component Designator: OldDesignator=LED5_LED6 NewDesignator=LED5_LINE6
Change Component Designator: OldDesignator=LED5_LED7 NewDesignator=LED5_LINE7
Change Component Designator: OldDesignator=LED5_LED8 NewDesignator=LED5_LINE8
Change Component Designator: OldDesignator=LED6_LED1 NewDesignator=LED6_LINE1
Change Component Designator: OldDesignator=LED6_LED2 NewDesignator=LED6_LINE2
Change Component Designator: OldDesignator=LED6_LED3 NewDesignator=LED6_LINE3
Change Component Designator: OldDesignator=LED6_LED4 NewDesignator=LED6_LINE4
Change Component Designator: OldDesignator=LED6_LED5 NewDesignator=LED6_LINE5
Change Component Designator: OldDesignator=LED6_LED6 NewDesignator=LED6_LINE6
Change Component Designator: OldDesignator=LED6_LED7 NewDesignator=LED6_LINE7
Change Component Designator: OldDesignator=LED6_LED8 NewDesignator=LED6_LINE8
Change Component Designator: OldDesignator=LED7_LED1 NewDesignator=LED7_LINE1
Change Component Designator: OldDesignator=LED7_LED2 NewDesignator=LED7_LINE2
Change Component Designator: OldDesignator=LED7_LED3 NewDesignator=LED7_LINE3
Change Component Designator: OldDesignator=LED7_LED4 NewDesignator=LED7_LINE4
Change Component Designator: OldDesignator=LED7_LED5 NewDesignator=LED7_LINE5
Change Component Designator: OldDesignator=LED7_LED6 NewDesignator=LED7_LINE6
Change Component Designator: OldDesignator=LED7_LED7 NewDesignator=LED7_LINE7
Change Component Designator: OldDesignator=LED7_LED8 NewDesignator=LED7_LINE8
Change Component Designator: OldDesignator=LED8_LED1 NewDesignator=LED8_LINE1
Change Component Designator: OldDesignator=LED8_LED2 NewDesignator=LED8_LINE2
Change Component Designator: OldDesignator=LED8_LED3 NewDesignator=LED8_LINE3
Change Component Designator: OldDesignator=LED8_LED4 NewDesignator=LED8_LINE4
Change Component Designator: OldDesignator=LED8_LED5 NewDesignator=LED8_LINE5
Change Component Designator: OldDesignator=LED8_LED6 NewDesignator=LED8_LINE6
Change Component Designator: OldDesignator=LED8_LED7 NewDesignator=LED8_LINE7
Change Component Designator: OldDesignator=LED8_LED8 NewDesignator=LED8_LINE8
Change Component Designator: OldDesignator=R1_LED1 NewDesignator=R1_LINE1
Change Component Designator: OldDesignator=R1_LED2 NewDesignator=R1_LINE2
Change Component Designator: OldDesignator=R1_LED3 NewDesignator=R1_LINE3
Change Component Designator: OldDesignator=R1_LED4 NewDesignator=R1_LINE4
Change Component Designator: OldDesignator=R1_LED5 NewDesignator=R1_LINE5
Change Component Designator: OldDesignator=R1_LED6 NewDesignator=R1_LINE6
Change Component Designator: OldDesignator=R1_LED7 NewDesignator=R1_LINE7
Change Component Designator: OldDesignator=R1_LED8 NewDesignator=R1_LINE8
Change Component Designator: OldDesignator=R2_LED1 NewDesignator=R2_LINE1
Change Component Designator: OldDesignator=R2_LED2 NewDesignator=R2_LINE2
Change Component Designator: OldDesignator=R2_LED3 NewDesignator=R2_LINE3
Change Component Designator: OldDesignator=R2_LED4 NewDesignator=R2_LINE4
Change Component Designator: OldDesignator=R2_LED5 NewDesignator=R2_LINE5
Change Component Designator: OldDesignator=R2_LED6 NewDesignator=R2_LINE6
Change Component Designator: OldDesignator=R2_LED7 NewDesignator=R2_LINE7
Change Component Designator: OldDesignator=R2_LED8 NewDesignator=R2_LINE8
Change Component Designator: OldDesignator=R3_LED1 NewDesignator=R3_LINE1
Change Component Designator: OldDesignator=R3_LED2 NewDesignator=R3_LINE2
Change Component Designator: OldDesignator=R3_LED3 NewDesignator=R3_LINE3
Change Component Designator: OldDesignator=R3_LED4 NewDesignator=R3_LINE4
Change Component Designator: OldDesignator=R3_LED5 NewDesignator=R3_LINE5
Change Component Designator: OldDesignator=R3_LED6 NewDesignator=R3_LINE6
Change Component Designator: OldDesignator=R3_LED7 NewDesignator=R3_LINE7
Change Component Designator: OldDesignator=R3_LED8 NewDesignator=R3_LINE8
Change Component Designator: OldDesignator=R4_LED1 NewDesignator=R4_LINE1
Change Component Designator: OldDesignator=R4_LED2 NewDesignator=R4_LINE2
Change Component Designator: OldDesignator=R4_LED3 NewDesignator=R4_LINE3
Change Component Designator: OldDesignator=R4_LED4 NewDesignator=R4_LINE4
Change Component Designator: OldDesignator=R4_LED5 NewDesignator=R4_LINE5
Change Component Designator: OldDesignator=R4_LED6 NewDesignator=R4_LINE6
Change Component Designator: OldDesignator=R4_LED7 NewDesignator=R4_LINE7
Change Component Designator: OldDesignator=R4_LED8 NewDesignator=R4_LINE8
Change Component Designator: OldDesignator=R5_LED1 NewDesignator=R5_LINE1
Change Component Designator: OldDesignator=R5_LED2 NewDesignator=R5_LINE2
Change Component Designator: OldDesignator=R5_LED3 NewDesignator=R5_LINE3
Change Component Designator: OldDesignator=R5_LED4 NewDesignator=R5_LINE4
Change Component Designator: OldDesignator=R5_LED5 NewDesignator=R5_LINE5
Change Component Designator: OldDesignator=R5_LED6 NewDesignator=R5_LINE6
Change Component Designator: OldDesignator=R5_LED7 NewDesignator=R5_LINE7
Change Component Designator: OldDesignator=R5_LED8 NewDesignator=R5_LINE8
Change Component Designator: OldDesignator=R6_LED1 NewDesignator=R6_LINE1
Change Component Designator: OldDesignator=R6_LED2 NewDesignator=R6_LINE2
Change Component Designator: OldDesignator=R6_LED3 NewDesignator=R6_LINE3
Change Component Designator: OldDesignator=R6_LED4 NewDesignator=R6_LINE4
Change Component Designator: OldDesignator=R6_LED5 NewDesignator=R6_LINE5
Change Component Designator: OldDesignator=R6_LED6 NewDesignator=R6_LINE6
Change Component Designator: OldDesignator=R6_LED7 NewDesignator=R6_LINE7
Change Component Designator: OldDesignator=R6_LED8 NewDesignator=R6_LINE8
Change Component Designator: OldDesignator=R7_LED1 NewDesignator=R7_LINE1
Change Component Designator: OldDesignator=R7_LED2 NewDesignator=R7_LINE2
Change Component Designator: OldDesignator=R7_LED3 NewDesignator=R7_LINE3
Change Component Designator: OldDesignator=R7_LED4 NewDesignator=R7_LINE4
Change Component Designator: OldDesignator=R7_LED5 NewDesignator=R7_LINE5
Change Component Designator: OldDesignator=R7_LED6 NewDesignator=R7_LINE6
Change Component Designator: OldDesignator=R7_LED7 NewDesignator=R7_LINE7
Change Component Designator: OldDesignator=R7_LED8 NewDesignator=R7_LINE8
Change Component Designator: OldDesignator=R8_LED1 NewDesignator=R8_LINE1
Change Component Designator: OldDesignator=R8_LED2 NewDesignator=R8_LINE2
Change Component Designator: OldDesignator=R8_LED3 NewDesignator=R8_LINE3
Change Component Designator: OldDesignator=R8_LED4 NewDesignator=R8_LINE4
Change Component Designator: OldDesignator=R8_LED5 NewDesignator=R8_LINE5
Change Component Designator: OldDesignator=R8_LED6 NewDesignator=R8_LINE6
Change Component Designator: OldDesignator=R8_LED7 NewDesignator=R8_LINE7
Change Component Designator: OldDesignator=R8_LED8 NewDesignator=R8_LINE8
Change Net Name : Old Net Name=NetLED1_LED1_Din New Net Name=NetLED1_LINE1_Din
Change Net Name : Old Net Name=NetLED1_LED1_Dout New Net Name=NetLED1_LINE1_Dout
Change Net Name : Old Net Name=NetLED1_LED1_VDD New Net Name=NetLED1_LINE1_VDD
Change Net Name : Old Net Name=NetLED1_LED2_Din New Net Name=NetLED1_LINE2_Din
Change Net Name : Old Net Name=NetLED1_LED2_Dout New Net Name=NetLED1_LINE2_Dout
Change Net Name : Old Net Name=NetLED1_LED2_VDD New Net Name=NetLED1_LINE2_VDD
Change Net Name : Old Net Name=NetLED1_LED3_Din New Net Name=NetLED1_LINE3_Din
Change Net Name : Old Net Name=NetLED1_LED3_Dout New Net Name=NetLED1_LINE3_Dout
Change Net Name : Old Net Name=NetLED1_LED3_VDD New Net Name=NetLED1_LINE3_VDD
Change Net Name : Old Net Name=NetLED1_LED4_Din New Net Name=NetLED1_LINE4_Din
Change Net Name : Old Net Name=NetLED1_LED4_Dout New Net Name=NetLED1_LINE4_Dout
Change Net Name : Old Net Name=NetLED1_LED4_VDD New Net Name=NetLED1_LINE4_VDD
Change Net Name : Old Net Name=NetLED1_LED5_Din New Net Name=NetLED1_LINE5_Din
Change Net Name : Old Net Name=NetLED1_LED5_Dout New Net Name=NetLED1_LINE5_Dout
Change Net Name : Old Net Name=NetLED1_LED5_VDD New Net Name=NetLED1_LINE5_VDD
Change Net Name : Old Net Name=NetLED1_LED6_Din New Net Name=NetLED1_LINE6_Din
Change Net Name : Old Net Name=NetLED1_LED6_Dout New Net Name=NetLED1_LINE6_Dout
Change Net Name : Old Net Name=NetLED1_LED6_VDD New Net Name=NetLED1_LINE6_VDD
Change Net Name : Old Net Name=NetLED1_LED7_Din New Net Name=NetLED1_LINE7_Din
Change Net Name : Old Net Name=NetLED1_LED7_Dout New Net Name=NetLED1_LINE7_Dout
Change Net Name : Old Net Name=NetLED1_LED7_VDD New Net Name=NetLED1_LINE7_VDD
Change Net Name : Old Net Name=NetLED1_LED8_Din New Net Name=NetLED1_LINE8_Din
Change Net Name : Old Net Name=NetLED1_LED8_Dout New Net Name=NetLED1_LINE8_Dout
Change Net Name : Old Net Name=NetLED1_LED8_VDD New Net Name=NetLED1_LINE8_VDD
Change Net Name : Old Net Name=NetLED2_LED1_Dout New Net Name=NetLED2_LINE1_Dout
Change Net Name : Old Net Name=NetLED2_LED1_VDD New Net Name=NetLED2_LINE1_VDD
Change Net Name : Old Net Name=NetLED2_LED2_Dout New Net Name=NetLED2_LINE2_Dout
Change Net Name : Old Net Name=NetLED2_LED2_VDD New Net Name=NetLED2_LINE2_VDD
Change Net Name : Old Net Name=NetLED2_LED3_Dout New Net Name=NetLED2_LINE3_Dout
Change Net Name : Old Net Name=NetLED2_LED3_VDD New Net Name=NetLED2_LINE3_VDD
Change Net Name : Old Net Name=NetLED2_LED4_Dout New Net Name=NetLED2_LINE4_Dout
Change Net Name : Old Net Name=NetLED2_LED4_VDD New Net Name=NetLED2_LINE4_VDD
Change Net Name : Old Net Name=NetLED2_LED5_Dout New Net Name=NetLED2_LINE5_Dout
Change Net Name : Old Net Name=NetLED2_LED5_VDD New Net Name=NetLED2_LINE5_VDD
Change Net Name : Old Net Name=NetLED2_LED6_Dout New Net Name=NetLED2_LINE6_Dout
Change Net Name : Old Net Name=NetLED2_LED6_VDD New Net Name=NetLED2_LINE6_VDD
Change Net Name : Old Net Name=NetLED2_LED7_Dout New Net Name=NetLED2_LINE7_Dout
Change Net Name : Old Net Name=NetLED2_LED7_VDD New Net Name=NetLED2_LINE7_VDD
Change Net Name : Old Net Name=NetLED2_LED8_Dout New Net Name=NetLED2_LINE8_Dout
Change Net Name : Old Net Name=NetLED2_LED8_VDD New Net Name=NetLED2_LINE8_VDD
Change Net Name : Old Net Name=NetLED3_LED1_Dout New Net Name=NetLED3_LINE1_Dout
Change Net Name : Old Net Name=NetLED3_LED1_VDD New Net Name=NetLED3_LINE1_VDD
Change Net Name : Old Net Name=NetLED3_LED2_Dout New Net Name=NetLED3_LINE2_Dout
Change Net Name : Old Net Name=NetLED3_LED2_VDD New Net Name=NetLED3_LINE2_VDD
Change Net Name : Old Net Name=NetLED3_LED3_Dout New Net Name=NetLED3_LINE3_Dout
Change Net Name : Old Net Name=NetLED3_LED3_VDD New Net Name=NetLED3_LINE3_VDD
Change Net Name : Old Net Name=NetLED3_LED4_Dout New Net Name=NetLED3_LINE4_Dout
Change Net Name : Old Net Name=NetLED3_LED4_VDD New Net Name=NetLED3_LINE4_VDD
Change Net Name : Old Net Name=NetLED3_LED5_Dout New Net Name=NetLED3_LINE5_Dout
Change Net Name : Old Net Name=NetLED3_LED5_VDD New Net Name=NetLED3_LINE5_VDD
Change Net Name : Old Net Name=NetLED3_LED6_Dout New Net Name=NetLED3_LINE6_Dout
Change Net Name : Old Net Name=NetLED3_LED6_VDD New Net Name=NetLED3_LINE6_VDD
Change Net Name : Old Net Name=NetLED3_LED7_Dout New Net Name=NetLED3_LINE7_Dout
Change Net Name : Old Net Name=NetLED3_LED7_VDD New Net Name=NetLED3_LINE7_VDD
Change Net Name : Old Net Name=NetLED3_LED8_Dout New Net Name=NetLED3_LINE8_Dout
Change Net Name : Old Net Name=NetLED3_LED8_VDD New Net Name=NetLED3_LINE8_VDD
Change Net Name : Old Net Name=NetLED4_LED1_Din New Net Name=NetLED4_LINE1_Din
Change Net Name : Old Net Name=NetLED4_LED1_VDD New Net Name=NetLED4_LINE1_VDD
Change Net Name : Old Net Name=NetLED4_LED2_Din New Net Name=NetLED4_LINE2_Din
Change Net Name : Old Net Name=NetLED4_LED2_VDD New Net Name=NetLED4_LINE2_VDD
Change Net Name : Old Net Name=NetLED4_LED3_Din New Net Name=NetLED4_LINE3_Din
Change Net Name : Old Net Name=NetLED4_LED3_VDD New Net Name=NetLED4_LINE3_VDD
Change Net Name : Old Net Name=NetLED4_LED4_Din New Net Name=NetLED4_LINE4_Din
Change Net Name : Old Net Name=NetLED4_LED4_VDD New Net Name=NetLED4_LINE4_VDD
Change Net Name : Old Net Name=NetLED4_LED5_Din New Net Name=NetLED4_LINE5_Din
Change Net Name : Old Net Name=NetLED4_LED5_VDD New Net Name=NetLED4_LINE5_VDD
Change Net Name : Old Net Name=NetLED4_LED6_Din New Net Name=NetLED4_LINE6_Din
Change Net Name : Old Net Name=NetLED4_LED6_VDD New Net Name=NetLED4_LINE6_VDD
Change Net Name : Old Net Name=NetLED4_LED7_Din New Net Name=NetLED4_LINE7_Din
Change Net Name : Old Net Name=NetLED4_LED7_VDD New Net Name=NetLED4_LINE7_VDD
Change Net Name : Old Net Name=NetLED4_LED8_Din New Net Name=NetLED4_LINE8_Din
Change Net Name : Old Net Name=NetLED4_LED8_VDD New Net Name=NetLED4_LINE8_VDD
Change Net Name : Old Net Name=NetLED5_LED1_Din New Net Name=NetLED5_LINE1_Din
Change Net Name : Old Net Name=NetLED5_LED1_VDD New Net Name=NetLED5_LINE1_VDD
Change Net Name : Old Net Name=NetLED5_LED2_Din New Net Name=NetLED5_LINE2_Din
Change Net Name : Old Net Name=NetLED5_LED2_VDD New Net Name=NetLED5_LINE2_VDD
Change Net Name : Old Net Name=NetLED5_LED3_Din New Net Name=NetLED5_LINE3_Din
Change Net Name : Old Net Name=NetLED5_LED3_VDD New Net Name=NetLED5_LINE3_VDD
Change Net Name : Old Net Name=NetLED5_LED4_Din New Net Name=NetLED5_LINE4_Din
Change Net Name : Old Net Name=NetLED5_LED4_VDD New Net Name=NetLED5_LINE4_VDD
Change Net Name : Old Net Name=NetLED5_LED5_Din New Net Name=NetLED5_LINE5_Din
Change Net Name : Old Net Name=NetLED5_LED5_VDD New Net Name=NetLED5_LINE5_VDD
Change Net Name : Old Net Name=NetLED5_LED6_Din New Net Name=NetLED5_LINE6_Din
Change Net Name : Old Net Name=NetLED5_LED6_VDD New Net Name=NetLED5_LINE6_VDD
Change Net Name : Old Net Name=NetLED5_LED7_Din New Net Name=NetLED5_LINE7_Din
Change Net Name : Old Net Name=NetLED5_LED7_VDD New Net Name=NetLED5_LINE7_VDD
Change Net Name : Old Net Name=NetLED5_LED8_Din New Net Name=NetLED5_LINE8_Din
Change Net Name : Old Net Name=NetLED5_LED8_VDD New Net Name=NetLED5_LINE8_VDD
Change Net Name : Old Net Name=NetLED6_LED1_Din New Net Name=NetLED6_LINE1_Din
Change Net Name : Old Net Name=NetLED6_LED1_VDD New Net Name=NetLED6_LINE1_VDD
Change Net Name : Old Net Name=NetLED6_LED2_Din New Net Name=NetLED6_LINE2_Din
Change Net Name : Old Net Name=NetLED6_LED2_VDD New Net Name=NetLED6_LINE2_VDD
Change Net Name : Old Net Name=NetLED6_LED3_Din New Net Name=NetLED6_LINE3_Din
Change Net Name : Old Net Name=NetLED6_LED3_VDD New Net Name=NetLED6_LINE3_VDD
Change Net Name : Old Net Name=NetLED6_LED4_Din New Net Name=NetLED6_LINE4_Din
Change Net Name : Old Net Name=NetLED6_LED4_VDD New Net Name=NetLED6_LINE4_VDD
Change Net Name : Old Net Name=NetLED6_LED5_Din New Net Name=NetLED6_LINE5_Din
Change Net Name : Old Net Name=NetLED6_LED5_VDD New Net Name=NetLED6_LINE5_VDD
Change Net Name : Old Net Name=NetLED6_LED6_Din New Net Name=NetLED6_LINE6_Din
Change Net Name : Old Net Name=NetLED6_LED6_VDD New Net Name=NetLED6_LINE6_VDD
Change Net Name : Old Net Name=NetLED6_LED7_Din New Net Name=NetLED6_LINE7_Din
Change Net Name : Old Net Name=NetLED6_LED7_VDD New Net Name=NetLED6_LINE7_VDD
Change Net Name : Old Net Name=NetLED6_LED8_Din New Net Name=NetLED6_LINE8_Din
Change Net Name : Old Net Name=NetLED6_LED8_VDD New Net Name=NetLED6_LINE8_VDD
Change Net Name : Old Net Name=NetLED7_LED1_Din New Net Name=NetLED7_LINE1_Din
Change Net Name : Old Net Name=NetLED7_LED1_VDD New Net Name=NetLED7_LINE1_VDD
Change Net Name : Old Net Name=NetLED7_LED2_Din New Net Name=NetLED7_LINE2_Din
Change Net Name : Old Net Name=NetLED7_LED2_VDD New Net Name=NetLED7_LINE2_VDD
Change Net Name : Old Net Name=NetLED7_LED3_Din New Net Name=NetLED7_LINE3_Din
Change Net Name : Old Net Name=NetLED7_LED3_VDD New Net Name=NetLED7_LINE3_VDD
Change Net Name : Old Net Name=NetLED7_LED4_Din New Net Name=NetLED7_LINE4_Din
Change Net Name : Old Net Name=NetLED7_LED4_VDD New Net Name=NetLED7_LINE4_VDD
Change Net Name : Old Net Name=NetLED7_LED5_Din New Net Name=NetLED7_LINE5_Din
Change Net Name : Old Net Name=NetLED7_LED5_VDD New Net Name=NetLED7_LINE5_VDD
Change Net Name : Old Net Name=NetLED7_LED6_Din New Net Name=NetLED7_LINE6_Din
Change Net Name : Old Net Name=NetLED7_LED6_VDD New Net Name=NetLED7_LINE6_VDD
Change Net Name : Old Net Name=NetLED7_LED7_Din New Net Name=NetLED7_LINE7_Din
Change Net Name : Old Net Name=NetLED7_LED7_VDD New Net Name=NetLED7_LINE7_VDD
Change Net Name : Old Net Name=NetLED7_LED8_Din New Net Name=NetLED7_LINE8_Din
Change Net Name : Old Net Name=NetLED7_LED8_VDD New Net Name=NetLED7_LINE8_VDD
Change Net Name : Old Net Name=NetLED8_LED1_VDD New Net Name=NetLED8_LINE1_VDD
Change Net Name : Old Net Name=NetLED8_LED2_VDD New Net Name=NetLED8_LINE2_VDD
Change Net Name : Old Net Name=NetLED8_LED3_VDD New Net Name=NetLED8_LINE3_VDD
Change Net Name : Old Net Name=NetLED8_LED4_VDD New Net Name=NetLED8_LINE4_VDD
Change Net Name : Old Net Name=NetLED8_LED5_VDD New Net Name=NetLED8_LINE5_VDD
Change Net Name : Old Net Name=NetLED8_LED6_VDD New Net Name=NetLED8_LINE6_VDD
Change Net Name : Old Net Name=NetLED8_LED7_VDD New Net Name=NetLED8_LINE7_VDD
Change Net Name : Old Net Name=NetLED8_LED8_VDD New Net Name=NetLED8_LINE8_VDD
Change Class Name : Old Net Name=LED1 New Net Name=LINE1
Change Class Name : Old Net Name=LED2 New Net Name=LINE2
Change Class Name : Old Net Name=LED3 New Net Name=LINE3
Change Class Name : Old Net Name=LED4 New Net Name=LINE4
Change Class Name : Old Net Name=LED5 New Net Name=LINE5
Change Class Name : Old Net Name=LED6 New Net Name=LINE6
Change Class Name : Old Net Name=LED7 New Net Name=LINE7
Change Class Name : Old Net Name=LED8 New Net Name=LINE8
Added Member To Class: ClassName=LED Member=LINE1 (LED.SchDoc)
Added Member To Class: ClassName=LED Member=LINE2 (LED.SchDoc)
Added Member To Class: ClassName=LED Member=LINE3 (LED.SchDoc)
Added Member To Class: ClassName=LED Member=LINE4 (LED.SchDoc)
Added Member To Class: ClassName=LED Member=LINE5 (LED.SchDoc)
Added Member To Class: ClassName=LED Member=LINE6 (LED.SchDoc)
Added Member To Class: ClassName=LED Member=LINE7 (LED.SchDoc)
Added Member To Class: ClassName=LED Member=LINE8 (LED.SchDoc)
