Removed Pin From Net: NetName=GND Pin=LED_LED1-GND
Removed Pin From Net: NetName=GND Pin=LED_LED2-GND
Removed Pin From Net: NetName=GND Pin=LED_LED3-GND
Removed Pin From Net: NetName=GND Pin=LED_LED4-GND
Removed Pin From Net: NetName=GND Pin=LED_LED5-GND
Removed Pin From Net: NetName=GND Pin=LED_LED6-GND
Removed Pin From Net: NetName=GND Pin=LED_LED7-GND
Removed Pin From Net: NetName=GND Pin=LED_LED8-GND
Removed Member From Class: ClassName=LED1 Member=LED_LED1
Removed Member From Class: ClassName=LED2 Member=LED_LED2
Removed Member From Class: ClassName=LED3 Member=LED_LED3
Removed Member From Class: ClassName=LED4 Member=LED_LED4
Removed Member From Class: ClassName=LED5 Member=LED_LED5
Removed Member From Class: ClassName=LED6 Member=LED_LED6
Removed Member From Class: ClassName=LED7 Member=LED_LED7
Removed Member From Class: ClassName=LED8 Member=LED_LED8
Added Component: Designator=LED1_LED1(LED)
Added Component: Designator=LED1_LED2(LED)
Added Component: Designator=LED1_LED3(LED)
Added Component: Designator=LED1_LED4(LED)
Added Component: Designator=LED1_LED5(LED)
Added Component: Designator=LED1_LED6(LED)
Added Component: Designator=LED1_LED7(LED)
Added Component: Designator=LED1_LED8(LED)
Added Component: Designator=LED2_LED1(LED)
Added Component: Designator=LED2_LED2(LED)
Added Component: Designator=LED2_LED3(LED)
Added Component: Designator=LED2_LED4(LED)
Added Component: Designator=LED2_LED5(LED)
Added Component: Designator=LED2_LED6(LED)
Added Component: Designator=LED2_LED7(LED)
Added Component: Designator=LED2_LED8(LED)
Added Component: Designator=LED3_LED1(LED)
Added Component: Designator=LED3_LED2(LED)
Added Component: Designator=LED3_LED3(LED)
Added Component: Designator=LED3_LED4(LED)
Added Component: Designator=LED3_LED5(LED)
Added Component: Designator=LED3_LED6(LED)
Added Component: Designator=LED3_LED7(LED)
Added Component: Designator=LED3_LED8(LED)
Added Component: Designator=LED4_LED1(LED)
Added Component: Designator=LED4_LED2(LED)
Added Component: Designator=LED4_LED3(LED)
Added Component: Designator=LED4_LED4(LED)
Added Component: Designator=LED4_LED5(LED)
Added Component: Designator=LED4_LED6(LED)
Added Component: Designator=LED4_LED7(LED)
Added Component: Designator=LED4_LED8(LED)
Added Component: Designator=LED5_LED1(LED)
Added Component: Designator=LED5_LED2(LED)
Added Component: Designator=LED5_LED3(LED)
Added Component: Designator=LED5_LED4(LED)
Added Component: Designator=LED5_LED5(LED)
Added Component: Designator=LED5_LED6(LED)
Added Component: Designator=LED5_LED7(LED)
Added Component: Designator=LED5_LED8(LED)
Added Component: Designator=LED6_LED1(LED)
Added Component: Designator=LED6_LED2(LED)
Added Component: Designator=LED6_LED3(LED)
Added Component: Designator=LED6_LED4(LED)
Added Component: Designator=LED6_LED5(LED)
Added Component: Designator=LED6_LED6(LED)
Added Component: Designator=LED6_LED7(LED)
Added Component: Designator=LED6_LED8(LED)
Added Component: Designator=LED7_LED1(LED)
Added Component: Designator=LED7_LED2(LED)
Added Component: Designator=LED7_LED3(LED)
Added Component: Designator=LED7_LED4(LED)
Added Component: Designator=LED7_LED5(LED)
Added Component: Designator=LED7_LED6(LED)
Added Component: Designator=LED7_LED7(LED)
Added Component: Designator=LED7_LED8(LED)
Added Component: Designator=LED8_LED1(LED)
Added Component: Designator=LED8_LED2(LED)
Added Component: Designator=LED8_LED3(LED)
Added Component: Designator=LED8_LED4(LED)
Added Component: Designator=LED8_LED5(LED)
Added Component: Designator=LED8_LED6(LED)
Added Component: Designator=LED8_LED7(LED)
Added Component: Designator=LED8_LED8(LED)
Added Component: Designator=R2_LED1(Resistor)
Added Component: Designator=R2_LED2(Resistor)
Added Component: Designator=R2_LED3(Resistor)
Added Component: Designator=R2_LED4(Resistor)
Added Component: Designator=R2_LED5(Resistor)
Added Component: Designator=R2_LED6(Resistor)
Added Component: Designator=R2_LED7(Resistor)
Added Component: Designator=R2_LED8(Resistor)
Added Component: Designator=R3_LED1(Resistor)
Added Component: Designator=R3_LED2(Resistor)
Added Component: Designator=R3_LED3(Resistor)
Added Component: Designator=R3_LED4(Resistor)
Added Component: Designator=R3_LED5(Resistor)
Added Component: Designator=R3_LED6(Resistor)
Added Component: Designator=R3_LED7(Resistor)
Added Component: Designator=R3_LED8(Resistor)
Added Component: Designator=R4_LED1(Resistor)
Added Component: Designator=R4_LED2(Resistor)
Added Component: Designator=R4_LED3(Resistor)
Added Component: Designator=R4_LED4(Resistor)
Added Component: Designator=R4_LED5(Resistor)
Added Component: Designator=R4_LED6(Resistor)
Added Component: Designator=R4_LED7(Resistor)
Added Component: Designator=R4_LED8(Resistor)
Added Component: Designator=R5_LED1(Resistor)
Added Component: Designator=R5_LED2(Resistor)
Added Component: Designator=R5_LED3(Resistor)
Added Component: Designator=R5_LED4(Resistor)
Added Component: Designator=R5_LED5(Resistor)
Added Component: Designator=R5_LED6(Resistor)
Added Component: Designator=R5_LED7(Resistor)
Added Component: Designator=R5_LED8(Resistor)
Added Component: Designator=R6_LED1(Resistor)
Added Component: Designator=R6_LED2(Resistor)
Added Component: Designator=R6_LED3(Resistor)
Added Component: Designator=R6_LED4(Resistor)
Added Component: Designator=R6_LED5(Resistor)
Added Component: Designator=R6_LED6(Resistor)
Added Component: Designator=R6_LED7(Resistor)
Added Component: Designator=R6_LED8(Resistor)
Added Component: Designator=R7_LED1(Resistor)
Added Component: Designator=R7_LED2(Resistor)
Added Component: Designator=R7_LED3(Resistor)
Added Component: Designator=R7_LED4(Resistor)
Added Component: Designator=R7_LED5(Resistor)
Added Component: Designator=R7_LED6(Resistor)
Added Component: Designator=R7_LED7(Resistor)
Added Component: Designator=R7_LED8(Resistor)
Added Component: Designator=R8_LED1(Resistor)
Added Component: Designator=R8_LED2(Resistor)
Added Component: Designator=R8_LED3(Resistor)
Added Component: Designator=R8_LED4(Resistor)
Added Component: Designator=R8_LED5(Resistor)
Added Component: Designator=R8_LED6(Resistor)
Added Component: Designator=R8_LED7(Resistor)
Added Component: Designator=R8_LED8(Resistor)
Added Pin To Net: NetName=GND Pin=LED1_LED1-GND
Added Pin To Net: NetName=GND Pin=LED1_LED2-GND
Added Pin To Net: NetName=GND Pin=LED1_LED3-GND
Added Pin To Net: NetName=GND Pin=LED1_LED4-GND
Added Pin To Net: NetName=GND Pin=LED1_LED5-GND
Added Pin To Net: NetName=GND Pin=LED1_LED6-GND
Added Pin To Net: NetName=GND Pin=LED1_LED7-GND
Added Pin To Net: NetName=GND Pin=LED1_LED8-GND
Added Pin To Net: NetName=GND Pin=LED2_LED1-GND
Added Pin To Net: NetName=GND Pin=LED2_LED2-GND
Added Pin To Net: NetName=GND Pin=LED2_LED3-GND
Added Pin To Net: NetName=GND Pin=LED2_LED4-GND
Added Pin To Net: NetName=GND Pin=LED2_LED5-GND
Added Pin To Net: NetName=GND Pin=LED2_LED6-GND
Added Pin To Net: NetName=GND Pin=LED2_LED7-GND
Added Pin To Net: NetName=GND Pin=LED2_LED8-GND
Added Pin To Net: NetName=GND Pin=LED3_LED1-GND
Added Pin To Net: NetName=GND Pin=LED3_LED2-GND
Added Pin To Net: NetName=GND Pin=LED3_LED3-GND
Added Pin To Net: NetName=GND Pin=LED3_LED4-GND
Added Pin To Net: NetName=GND Pin=LED3_LED5-GND
Added Pin To Net: NetName=GND Pin=LED3_LED6-GND
Added Pin To Net: NetName=GND Pin=LED3_LED7-GND
Added Pin To Net: NetName=GND Pin=LED3_LED8-GND
Added Pin To Net: NetName=GND Pin=LED4_LED1-GND
Added Pin To Net: NetName=GND Pin=LED4_LED2-GND
Added Pin To Net: NetName=GND Pin=LED4_LED3-GND
Added Pin To Net: NetName=GND Pin=LED4_LED4-GND
Added Pin To Net: NetName=GND Pin=LED4_LED5-GND
Added Pin To Net: NetName=GND Pin=LED4_LED6-GND
Added Pin To Net: NetName=GND Pin=LED4_LED7-GND
Added Pin To Net: NetName=GND Pin=LED4_LED8-GND
Added Pin To Net: NetName=GND Pin=LED5_LED1-GND
Added Pin To Net: NetName=GND Pin=LED5_LED2-GND
Added Pin To Net: NetName=GND Pin=LED5_LED3-GND
Added Pin To Net: NetName=GND Pin=LED5_LED4-GND
Added Pin To Net: NetName=GND Pin=LED5_LED5-GND
Added Pin To Net: NetName=GND Pin=LED5_LED6-GND
Added Pin To Net: NetName=GND Pin=LED5_LED7-GND
Added Pin To Net: NetName=GND Pin=LED5_LED8-GND
Added Pin To Net: NetName=GND Pin=LED6_LED1-GND
Added Pin To Net: NetName=GND Pin=LED6_LED2-GND
Added Pin To Net: NetName=GND Pin=LED6_LED3-GND
Added Pin To Net: NetName=GND Pin=LED6_LED4-GND
Added Pin To Net: NetName=GND Pin=LED6_LED5-GND
Added Pin To Net: NetName=GND Pin=LED6_LED6-GND
Added Pin To Net: NetName=GND Pin=LED6_LED7-GND
Added Pin To Net: NetName=GND Pin=LED6_LED8-GND
Added Pin To Net: NetName=GND Pin=LED7_LED1-GND
Added Pin To Net: NetName=GND Pin=LED7_LED2-GND
Added Pin To Net: NetName=GND Pin=LED7_LED3-GND
Added Pin To Net: NetName=GND Pin=LED7_LED4-GND
Added Pin To Net: NetName=GND Pin=LED7_LED5-GND
Added Pin To Net: NetName=GND Pin=LED7_LED6-GND
Added Pin To Net: NetName=GND Pin=LED7_LED7-GND
Added Pin To Net: NetName=GND Pin=LED7_LED8-GND
Added Pin To Net: NetName=GND Pin=LED8_LED1-GND
Added Pin To Net: NetName=GND Pin=LED8_LED2-GND
Added Pin To Net: NetName=GND Pin=LED8_LED3-GND
Added Pin To Net: NetName=GND Pin=LED8_LED4-GND
Added Pin To Net: NetName=GND Pin=LED8_LED5-GND
Added Pin To Net: NetName=GND Pin=LED8_LED6-GND
Added Pin To Net: NetName=GND Pin=LED8_LED7-GND
Added Pin To Net: NetName=GND Pin=LED8_LED8-GND
Added Pin To Net: NetName=VDD Pin=R2_LED1-2
Added Pin To Net: NetName=VDD Pin=R2_LED2-2
Added Pin To Net: NetName=VDD Pin=R2_LED3-2
Added Pin To Net: NetName=VDD Pin=R2_LED4-2
Added Pin To Net: NetName=VDD Pin=R2_LED5-2
Added Pin To Net: NetName=VDD Pin=R2_LED6-2
Added Pin To Net: NetName=VDD Pin=R2_LED7-2
Added Pin To Net: NetName=VDD Pin=R2_LED8-2
Added Pin To Net: NetName=VDD Pin=R3_LED1-2
Added Pin To Net: NetName=VDD Pin=R3_LED2-2
Added Pin To Net: NetName=VDD Pin=R3_LED3-2
Added Pin To Net: NetName=VDD Pin=R3_LED4-2
Added Pin To Net: NetName=VDD Pin=R3_LED5-2
Added Pin To Net: NetName=VDD Pin=R3_LED6-2
Added Pin To Net: NetName=VDD Pin=R3_LED7-2
Added Pin To Net: NetName=VDD Pin=R3_LED8-2
Added Pin To Net: NetName=VDD Pin=R4_LED1-2
Added Pin To Net: NetName=VDD Pin=R4_LED2-2
Added Pin To Net: NetName=VDD Pin=R4_LED3-2
Added Pin To Net: NetName=VDD Pin=R4_LED4-2
Added Pin To Net: NetName=VDD Pin=R4_LED5-2
Added Pin To Net: NetName=VDD Pin=R4_LED6-2
Added Pin To Net: NetName=VDD Pin=R4_LED7-2
Added Pin To Net: NetName=VDD Pin=R4_LED8-2
Added Pin To Net: NetName=VDD Pin=R5_LED1-2
Added Pin To Net: NetName=VDD Pin=R5_LED2-2
Added Pin To Net: NetName=VDD Pin=R5_LED3-2
Added Pin To Net: NetName=VDD Pin=R5_LED4-2
Added Pin To Net: NetName=VDD Pin=R5_LED5-2
Added Pin To Net: NetName=VDD Pin=R5_LED6-2
Added Pin To Net: NetName=VDD Pin=R5_LED7-2
Added Pin To Net: NetName=VDD Pin=R5_LED8-2
Added Pin To Net: NetName=VDD Pin=R6_LED1-2
Added Pin To Net: NetName=VDD Pin=R6_LED2-2
Added Pin To Net: NetName=VDD Pin=R6_LED3-2
Added Pin To Net: NetName=VDD Pin=R6_LED4-2
Added Pin To Net: NetName=VDD Pin=R6_LED5-2
Added Pin To Net: NetName=VDD Pin=R6_LED6-2
Added Pin To Net: NetName=VDD Pin=R6_LED7-2
Added Pin To Net: NetName=VDD Pin=R6_LED8-2
Added Pin To Net: NetName=VDD Pin=R7_LED1-2
Added Pin To Net: NetName=VDD Pin=R7_LED2-2
Added Pin To Net: NetName=VDD Pin=R7_LED3-2
Added Pin To Net: NetName=VDD Pin=R7_LED4-2
Added Pin To Net: NetName=VDD Pin=R7_LED5-2
Added Pin To Net: NetName=VDD Pin=R7_LED6-2
Added Pin To Net: NetName=VDD Pin=R7_LED7-2
Added Pin To Net: NetName=VDD Pin=R7_LED8-2
Added Pin To Net: NetName=VDD Pin=R8_LED1-2
Added Pin To Net: NetName=VDD Pin=R8_LED2-2
Added Pin To Net: NetName=VDD Pin=R8_LED3-2
Added Pin To Net: NetName=VDD Pin=R8_LED4-2
Added Pin To Net: NetName=VDD Pin=R8_LED5-2
Added Pin To Net: NetName=VDD Pin=R8_LED6-2
Added Pin To Net: NetName=VDD Pin=R8_LED7-2
Added Pin To Net: NetName=VDD Pin=R8_LED8-2
Added Pin To Net: NetName=NetLED1_LED1_Din Pin=LED1_LED1-Din
Added Net: Name=NetLED1_LED1_Din
Added Pin To Net: NetName=NetLED1_LED1_Dout Pin=LED1_LED1-Dout
Added Pin To Net: NetName=NetLED1_LED1_Dout Pin=LED2_LED1-Din
Added Net: Name=NetLED1_LED1_Dout
Added Pin To Net: NetName=NetLED1_LED1_VDD Pin=LED1_LED1-VDD
Added Pin To Net: NetName=NetLED1_LED1_VDD Pin=R1_LED1-1
Added Net: Name=NetLED1_LED1_VDD
Added Pin To Net: NetName=NetLED1_LED2_Din Pin=LED1_LED2-Din
Added Net: Name=NetLED1_LED2_Din
Added Pin To Net: NetName=NetLED1_LED2_Dout Pin=LED1_LED2-Dout
Added Pin To Net: NetName=NetLED1_LED2_Dout Pin=LED2_LED2-Din
Added Net: Name=NetLED1_LED2_Dout
Added Pin To Net: NetName=NetLED1_LED2_VDD Pin=LED1_LED2-VDD
Added Pin To Net: NetName=NetLED1_LED2_VDD Pin=R1_LED2-1
Added Net: Name=NetLED1_LED2_VDD
Added Pin To Net: NetName=NetLED1_LED3_Din Pin=LED1_LED3-Din
Added Net: Name=NetLED1_LED3_Din
Added Pin To Net: NetName=NetLED1_LED3_Dout Pin=LED1_LED3-Dout
Added Pin To Net: NetName=NetLED1_LED3_Dout Pin=LED2_LED3-Din
Added Net: Name=NetLED1_LED3_Dout
Added Pin To Net: NetName=NetLED1_LED3_VDD Pin=LED1_LED3-VDD
Added Pin To Net: NetName=NetLED1_LED3_VDD Pin=R1_LED3-1
Added Net: Name=NetLED1_LED3_VDD
Added Pin To Net: NetName=NetLED1_LED4_Din Pin=LED1_LED4-Din
Added Net: Name=NetLED1_LED4_Din
Added Pin To Net: NetName=NetLED1_LED4_Dout Pin=LED1_LED4-Dout
Added Pin To Net: NetName=NetLED1_LED4_Dout Pin=LED2_LED4-Din
Added Net: Name=NetLED1_LED4_Dout
Added Pin To Net: NetName=NetLED1_LED4_VDD Pin=LED1_LED4-VDD
Added Pin To Net: NetName=NetLED1_LED4_VDD Pin=R1_LED4-1
Added Net: Name=NetLED1_LED4_VDD
Added Pin To Net: NetName=NetLED1_LED5_Din Pin=LED1_LED5-Din
Added Net: Name=NetLED1_LED5_Din
Added Pin To Net: NetName=NetLED1_LED5_Dout Pin=LED1_LED5-Dout
Added Pin To Net: NetName=NetLED1_LED5_Dout Pin=LED2_LED5-Din
Added Net: Name=NetLED1_LED5_Dout
Added Pin To Net: NetName=NetLED1_LED5_VDD Pin=LED1_LED5-VDD
Added Pin To Net: NetName=NetLED1_LED5_VDD Pin=R1_LED5-1
Added Net: Name=NetLED1_LED5_VDD
Added Pin To Net: NetName=NetLED1_LED6_Din Pin=LED1_LED6-Din
Added Net: Name=NetLED1_LED6_Din
Added Pin To Net: NetName=NetLED1_LED6_Dout Pin=LED1_LED6-Dout
Added Pin To Net: NetName=NetLED1_LED6_Dout Pin=LED2_LED6-Din
Added Net: Name=NetLED1_LED6_Dout
Added Pin To Net: NetName=NetLED1_LED6_VDD Pin=LED1_LED6-VDD
Added Pin To Net: NetName=NetLED1_LED6_VDD Pin=R1_LED6-1
Added Net: Name=NetLED1_LED6_VDD
Added Pin To Net: NetName=NetLED1_LED7_Din Pin=LED1_LED7-Din
Added Net: Name=NetLED1_LED7_Din
Added Pin To Net: NetName=NetLED1_LED7_Dout Pin=LED1_LED7-Dout
Added Pin To Net: NetName=NetLED1_LED7_Dout Pin=LED2_LED7-Din
Added Net: Name=NetLED1_LED7_Dout
Added Pin To Net: NetName=NetLED1_LED7_VDD Pin=LED1_LED7-VDD
Added Pin To Net: NetName=NetLED1_LED7_VDD Pin=R1_LED7-1
Added Net: Name=NetLED1_LED7_VDD
Added Pin To Net: NetName=NetLED1_LED8_Din Pin=LED1_LED8-Din
Added Net: Name=NetLED1_LED8_Din
Added Pin To Net: NetName=NetLED1_LED8_Dout Pin=LED1_LED8-Dout
Added Pin To Net: NetName=NetLED1_LED8_Dout Pin=LED2_LED8-Din
Added Net: Name=NetLED1_LED8_Dout
Added Pin To Net: NetName=NetLED1_LED8_VDD Pin=LED1_LED8-VDD
Added Pin To Net: NetName=NetLED1_LED8_VDD Pin=R1_LED8-1
Added Net: Name=NetLED1_LED8_VDD
Added Pin To Net: NetName=NetLED2_LED1_Dout Pin=LED2_LED1-Dout
Added Pin To Net: NetName=NetLED2_LED1_Dout Pin=LED3_LED1-Din
Added Net: Name=NetLED2_LED1_Dout
Added Pin To Net: NetName=NetLED2_LED1_VDD Pin=LED2_LED1-VDD
Added Pin To Net: NetName=NetLED2_LED1_VDD Pin=R2_LED1-1
Added Net: Name=NetLED2_LED1_VDD
Added Pin To Net: NetName=NetLED2_LED2_Dout Pin=LED2_LED2-Dout
Added Pin To Net: NetName=NetLED2_LED2_Dout Pin=LED3_LED2-Din
Added Net: Name=NetLED2_LED2_Dout
Added Pin To Net: NetName=NetLED2_LED2_VDD Pin=LED2_LED2-VDD
Added Pin To Net: NetName=NetLED2_LED2_VDD Pin=R2_LED2-1
Added Net: Name=NetLED2_LED2_VDD
Added Pin To Net: NetName=NetLED2_LED3_Dout Pin=LED2_LED3-Dout
Added Pin To Net: NetName=NetLED2_LED3_Dout Pin=LED3_LED3-Din
Added Net: Name=NetLED2_LED3_Dout
Added Pin To Net: NetName=NetLED2_LED3_VDD Pin=LED2_LED3-VDD
Added Pin To Net: NetName=NetLED2_LED3_VDD Pin=R2_LED3-1
Added Net: Name=NetLED2_LED3_VDD
Added Pin To Net: NetName=NetLED2_LED4_Dout Pin=LED2_LED4-Dout
Added Pin To Net: NetName=NetLED2_LED4_Dout Pin=LED3_LED4-Din
Added Net: Name=NetLED2_LED4_Dout
Added Pin To Net: NetName=NetLED2_LED4_VDD Pin=LED2_LED4-VDD
Added Pin To Net: NetName=NetLED2_LED4_VDD Pin=R2_LED4-1
Added Net: Name=NetLED2_LED4_VDD
Added Pin To Net: NetName=NetLED2_LED5_Dout Pin=LED2_LED5-Dout
Added Pin To Net: NetName=NetLED2_LED5_Dout Pin=LED3_LED5-Din
Added Net: Name=NetLED2_LED5_Dout
Added Pin To Net: NetName=NetLED2_LED5_VDD Pin=LED2_LED5-VDD
Added Pin To Net: NetName=NetLED2_LED5_VDD Pin=R2_LED5-1
Added Net: Name=NetLED2_LED5_VDD
Added Pin To Net: NetName=NetLED2_LED6_Dout Pin=LED2_LED6-Dout
Added Pin To Net: NetName=NetLED2_LED6_Dout Pin=LED3_LED6-Din
Added Net: Name=NetLED2_LED6_Dout
Added Pin To Net: NetName=NetLED2_LED6_VDD Pin=LED2_LED6-VDD
Added Pin To Net: NetName=NetLED2_LED6_VDD Pin=R2_LED6-1
Added Net: Name=NetLED2_LED6_VDD
Added Pin To Net: NetName=NetLED2_LED7_Dout Pin=LED2_LED7-Dout
Added Pin To Net: NetName=NetLED2_LED7_Dout Pin=LED3_LED7-Din
Added Net: Name=NetLED2_LED7_Dout
Added Pin To Net: NetName=NetLED2_LED7_VDD Pin=LED2_LED7-VDD
Added Pin To Net: NetName=NetLED2_LED7_VDD Pin=R2_LED7-1
Added Net: Name=NetLED2_LED7_VDD
Added Pin To Net: NetName=NetLED2_LED8_Dout Pin=LED2_LED8-Dout
Added Pin To Net: NetName=NetLED2_LED8_Dout Pin=LED3_LED8-Din
Added Net: Name=NetLED2_LED8_Dout
Added Pin To Net: NetName=NetLED2_LED8_VDD Pin=LED2_LED8-VDD
Added Pin To Net: NetName=NetLED2_LED8_VDD Pin=R2_LED8-1
Added Net: Name=NetLED2_LED8_VDD
Added Pin To Net: NetName=NetLED3_LED1_Dout Pin=LED3_LED1-Dout
Added Pin To Net: NetName=NetLED3_LED1_Dout Pin=LED8_LED1-Din
Added Net: Name=NetLED3_LED1_Dout
Added Pin To Net: NetName=NetLED3_LED1_VDD Pin=LED3_LED1-VDD
Added Pin To Net: NetName=NetLED3_LED1_VDD Pin=R3_LED1-1
Added Net: Name=NetLED3_LED1_VDD
Added Pin To Net: NetName=NetLED3_LED2_Dout Pin=LED3_LED2-Dout
Added Pin To Net: NetName=NetLED3_LED2_Dout Pin=LED8_LED2-Din
Added Net: Name=NetLED3_LED2_Dout
Added Pin To Net: NetName=NetLED3_LED2_VDD Pin=LED3_LED2-VDD
Added Pin To Net: NetName=NetLED3_LED2_VDD Pin=R3_LED2-1
Added Net: Name=NetLED3_LED2_VDD
Added Pin To Net: NetName=NetLED3_LED3_Dout Pin=LED3_LED3-Dout
Added Pin To Net: NetName=NetLED3_LED3_Dout Pin=LED8_LED3-Din
Added Net: Name=NetLED3_LED3_Dout
Added Pin To Net: NetName=NetLED3_LED3_VDD Pin=LED3_LED3-VDD
Added Pin To Net: NetName=NetLED3_LED3_VDD Pin=R3_LED3-1
Added Net: Name=NetLED3_LED3_VDD
Added Pin To Net: NetName=NetLED3_LED4_Dout Pin=LED3_LED4-Dout
Added Pin To Net: NetName=NetLED3_LED4_Dout Pin=LED8_LED4-Din
Added Net: Name=NetLED3_LED4_Dout
Added Pin To Net: NetName=NetLED3_LED4_VDD Pin=LED3_LED4-VDD
Added Pin To Net: NetName=NetLED3_LED4_VDD Pin=R3_LED4-1
Added Net: Name=NetLED3_LED4_VDD
Added Pin To Net: NetName=NetLED3_LED5_Dout Pin=LED3_LED5-Dout
Added Pin To Net: NetName=NetLED3_LED5_Dout Pin=LED8_LED5-Din
Added Net: Name=NetLED3_LED5_Dout
Added Pin To Net: NetName=NetLED3_LED5_VDD Pin=LED3_LED5-VDD
Added Pin To Net: NetName=NetLED3_LED5_VDD Pin=R3_LED5-1
Added Net: Name=NetLED3_LED5_VDD
Added Pin To Net: NetName=NetLED3_LED6_Dout Pin=LED3_LED6-Dout
Added Pin To Net: NetName=NetLED3_LED6_Dout Pin=LED8_LED6-Din
Added Net: Name=NetLED3_LED6_Dout
Added Pin To Net: NetName=NetLED3_LED6_VDD Pin=LED3_LED6-VDD
Added Pin To Net: NetName=NetLED3_LED6_VDD Pin=R3_LED6-1
Added Net: Name=NetLED3_LED6_VDD
Added Pin To Net: NetName=NetLED3_LED7_Dout Pin=LED3_LED7-Dout
Added Pin To Net: NetName=NetLED3_LED7_Dout Pin=LED8_LED7-Din
Added Net: Name=NetLED3_LED7_Dout
Added Pin To Net: NetName=NetLED3_LED7_VDD Pin=LED3_LED7-VDD
Added Pin To Net: NetName=NetLED3_LED7_VDD Pin=R3_LED7-1
Added Net: Name=NetLED3_LED7_VDD
Added Pin To Net: NetName=NetLED3_LED8_Dout Pin=LED3_LED8-Dout
Added Pin To Net: NetName=NetLED3_LED8_Dout Pin=LED8_LED8-Din
Added Net: Name=NetLED3_LED8_Dout
Added Pin To Net: NetName=NetLED3_LED8_VDD Pin=LED3_LED8-VDD
Added Pin To Net: NetName=NetLED3_LED8_VDD Pin=R3_LED8-1
Added Net: Name=NetLED3_LED8_VDD
Added Pin To Net: NetName=NetLED4_LED1_Din Pin=LED4_LED1-Din
Added Pin To Net: NetName=NetLED4_LED1_Din Pin=LED5_LED1-Dout
Added Net: Name=NetLED4_LED1_Din
Added Pin To Net: NetName=NetLED4_LED1_Dout Pin=LED4_LED1-Dout
Added Net: Name=NetLED4_LED1_Dout
Added Pin To Net: NetName=NetLED4_LED1_VDD Pin=LED4_LED1-VDD
Added Pin To Net: NetName=NetLED4_LED1_VDD Pin=R4_LED1-1
Added Net: Name=NetLED4_LED1_VDD
Added Pin To Net: NetName=NetLED4_LED2_Din Pin=LED4_LED2-Din
Added Pin To Net: NetName=NetLED4_LED2_Din Pin=LED5_LED2-Dout
Added Net: Name=NetLED4_LED2_Din
Added Pin To Net: NetName=NetLED4_LED2_Dout Pin=LED4_LED2-Dout
Added Net: Name=NetLED4_LED2_Dout
Added Pin To Net: NetName=NetLED4_LED2_VDD Pin=LED4_LED2-VDD
Added Pin To Net: NetName=NetLED4_LED2_VDD Pin=R4_LED2-1
Added Net: Name=NetLED4_LED2_VDD
Added Pin To Net: NetName=NetLED4_LED3_Din Pin=LED4_LED3-Din
Added Pin To Net: NetName=NetLED4_LED3_Din Pin=LED5_LED3-Dout
Added Net: Name=NetLED4_LED3_Din
Added Pin To Net: NetName=NetLED4_LED3_Dout Pin=LED4_LED3-Dout
Added Net: Name=NetLED4_LED3_Dout
Added Pin To Net: NetName=NetLED4_LED3_VDD Pin=LED4_LED3-VDD
Added Pin To Net: NetName=NetLED4_LED3_VDD Pin=R4_LED3-1
Added Net: Name=NetLED4_LED3_VDD
Added Pin To Net: NetName=NetLED4_LED4_Din Pin=LED4_LED4-Din
Added Pin To Net: NetName=NetLED4_LED4_Din Pin=LED5_LED4-Dout
Added Net: Name=NetLED4_LED4_Din
Added Pin To Net: NetName=NetLED4_LED4_Dout Pin=LED4_LED4-Dout
Added Net: Name=NetLED4_LED4_Dout
Added Pin To Net: NetName=NetLED4_LED4_VDD Pin=LED4_LED4-VDD
Added Pin To Net: NetName=NetLED4_LED4_VDD Pin=R4_LED4-1
Added Net: Name=NetLED4_LED4_VDD
Added Pin To Net: NetName=NetLED4_LED5_Din Pin=LED4_LED5-Din
Added Pin To Net: NetName=NetLED4_LED5_Din Pin=LED5_LED5-Dout
Added Net: Name=NetLED4_LED5_Din
Added Pin To Net: NetName=NetLED4_LED5_Dout Pin=LED4_LED5-Dout
Added Net: Name=NetLED4_LED5_Dout
Added Pin To Net: NetName=NetLED4_LED5_VDD Pin=LED4_LED5-VDD
Added Pin To Net: NetName=NetLED4_LED5_VDD Pin=R4_LED5-1
Added Net: Name=NetLED4_LED5_VDD
Added Pin To Net: NetName=NetLED4_LED6_Din Pin=LED4_LED6-Din
Added Pin To Net: NetName=NetLED4_LED6_Din Pin=LED5_LED6-Dout
Added Net: Name=NetLED4_LED6_Din
Added Pin To Net: NetName=NetLED4_LED6_Dout Pin=LED4_LED6-Dout
Added Net: Name=NetLED4_LED6_Dout
Added Pin To Net: NetName=NetLED4_LED6_VDD Pin=LED4_LED6-VDD
Added Pin To Net: NetName=NetLED4_LED6_VDD Pin=R4_LED6-1
Added Net: Name=NetLED4_LED6_VDD
Added Pin To Net: NetName=NetLED4_LED7_Din Pin=LED4_LED7-Din
Added Pin To Net: NetName=NetLED4_LED7_Din Pin=LED5_LED7-Dout
Added Net: Name=NetLED4_LED7_Din
Added Pin To Net: NetName=NetLED4_LED7_Dout Pin=LED4_LED7-Dout
Added Net: Name=NetLED4_LED7_Dout
Added Pin To Net: NetName=NetLED4_LED7_VDD Pin=LED4_LED7-VDD
Added Pin To Net: NetName=NetLED4_LED7_VDD Pin=R4_LED7-1
Added Net: Name=NetLED4_LED7_VDD
Added Pin To Net: NetName=NetLED4_LED8_Din Pin=LED4_LED8-Din
Added Pin To Net: NetName=NetLED4_LED8_Din Pin=LED5_LED8-Dout
Added Net: Name=NetLED4_LED8_Din
Added Pin To Net: NetName=NetLED4_LED8_Dout Pin=LED4_LED8-Dout
Added Net: Name=NetLED4_LED8_Dout
Added Pin To Net: NetName=NetLED4_LED8_VDD Pin=LED4_LED8-VDD
Added Pin To Net: NetName=NetLED4_LED8_VDD Pin=R4_LED8-1
Added Net: Name=NetLED4_LED8_VDD
Added Pin To Net: NetName=NetLED5_LED1_Din Pin=LED5_LED1-Din
Added Pin To Net: NetName=NetLED5_LED1_Din Pin=LED6_LED1-Dout
Added Net: Name=NetLED5_LED1_Din
Added Pin To Net: NetName=NetLED5_LED1_VDD Pin=LED5_LED1-VDD
Added Pin To Net: NetName=NetLED5_LED1_VDD Pin=R5_LED1-1
Added Net: Name=NetLED5_LED1_VDD
Added Pin To Net: NetName=NetLED5_LED2_Din Pin=LED5_LED2-Din
Added Pin To Net: NetName=NetLED5_LED2_Din Pin=LED6_LED2-Dout
Added Net: Name=NetLED5_LED2_Din
Added Pin To Net: NetName=NetLED5_LED2_VDD Pin=LED5_LED2-VDD
Added Pin To Net: NetName=NetLED5_LED2_VDD Pin=R5_LED2-1
Added Net: Name=NetLED5_LED2_VDD
Added Pin To Net: NetName=NetLED5_LED3_Din Pin=LED5_LED3-Din
Added Pin To Net: NetName=NetLED5_LED3_Din Pin=LED6_LED3-Dout
Added Net: Name=NetLED5_LED3_Din
Added Pin To Net: NetName=NetLED5_LED3_VDD Pin=LED5_LED3-VDD
Added Pin To Net: NetName=NetLED5_LED3_VDD Pin=R5_LED3-1
Added Net: Name=NetLED5_LED3_VDD
Added Pin To Net: NetName=NetLED5_LED4_Din Pin=LED5_LED4-Din
Added Pin To Net: NetName=NetLED5_LED4_Din Pin=LED6_LED4-Dout
Added Net: Name=NetLED5_LED4_Din
Added Pin To Net: NetName=NetLED5_LED4_VDD Pin=LED5_LED4-VDD
Added Pin To Net: NetName=NetLED5_LED4_VDD Pin=R5_LED4-1
Added Net: Name=NetLED5_LED4_VDD
Added Pin To Net: NetName=NetLED5_LED5_Din Pin=LED5_LED5-Din
Added Pin To Net: NetName=NetLED5_LED5_Din Pin=LED6_LED5-Dout
Added Net: Name=NetLED5_LED5_Din
Added Pin To Net: NetName=NetLED5_LED5_VDD Pin=LED5_LED5-VDD
Added Pin To Net: NetName=NetLED5_LED5_VDD Pin=R5_LED5-1
Added Net: Name=NetLED5_LED5_VDD
Added Pin To Net: NetName=NetLED5_LED6_Din Pin=LED5_LED6-Din
Added Pin To Net: NetName=NetLED5_LED6_Din Pin=LED6_LED6-Dout
Added Net: Name=NetLED5_LED6_Din
Added Pin To Net: NetName=NetLED5_LED6_VDD Pin=LED5_LED6-VDD
Added Pin To Net: NetName=NetLED5_LED6_VDD Pin=R5_LED6-1
Added Net: Name=NetLED5_LED6_VDD
Added Pin To Net: NetName=NetLED5_LED7_Din Pin=LED5_LED7-Din
Added Pin To Net: NetName=NetLED5_LED7_Din Pin=LED6_LED7-Dout
Added Net: Name=NetLED5_LED7_Din
Added Pin To Net: NetName=NetLED5_LED7_VDD Pin=LED5_LED7-VDD
Added Pin To Net: NetName=NetLED5_LED7_VDD Pin=R5_LED7-1
Added Net: Name=NetLED5_LED7_VDD
Added Pin To Net: NetName=NetLED5_LED8_Din Pin=LED5_LED8-Din
Added Pin To Net: NetName=NetLED5_LED8_Din Pin=LED6_LED8-Dout
Added Net: Name=NetLED5_LED8_Din
Added Pin To Net: NetName=NetLED5_LED8_VDD Pin=LED5_LED8-VDD
Added Pin To Net: NetName=NetLED5_LED8_VDD Pin=R5_LED8-1
Added Net: Name=NetLED5_LED8_VDD
Added Pin To Net: NetName=NetLED6_LED1_Din Pin=LED6_LED1-Din
Added Pin To Net: NetName=NetLED6_LED1_Din Pin=LED7_LED1-Dout
Added Net: Name=NetLED6_LED1_Din
Added Pin To Net: NetName=NetLED6_LED1_VDD Pin=LED6_LED1-VDD
Added Pin To Net: NetName=NetLED6_LED1_VDD Pin=R6_LED1-1
Added Net: Name=NetLED6_LED1_VDD
Added Pin To Net: NetName=NetLED6_LED2_Din Pin=LED6_LED2-Din
Added Pin To Net: NetName=NetLED6_LED2_Din Pin=LED7_LED2-Dout
Added Net: Name=NetLED6_LED2_Din
Added Pin To Net: NetName=NetLED6_LED2_VDD Pin=LED6_LED2-VDD
Added Pin To Net: NetName=NetLED6_LED2_VDD Pin=R6_LED2-1
Added Net: Name=NetLED6_LED2_VDD
Added Pin To Net: NetName=NetLED6_LED3_Din Pin=LED6_LED3-Din
Added Pin To Net: NetName=NetLED6_LED3_Din Pin=LED7_LED3-Dout
Added Net: Name=NetLED6_LED3_Din
Added Pin To Net: NetName=NetLED6_LED3_VDD Pin=LED6_LED3-VDD
Added Pin To Net: NetName=NetLED6_LED3_VDD Pin=R6_LED3-1
Added Net: Name=NetLED6_LED3_VDD
Added Pin To Net: NetName=NetLED6_LED4_Din Pin=LED6_LED4-Din
Added Pin To Net: NetName=NetLED6_LED4_Din Pin=LED7_LED4-Dout
Added Net: Name=NetLED6_LED4_Din
Added Pin To Net: NetName=NetLED6_LED4_VDD Pin=LED6_LED4-VDD
Added Pin To Net: NetName=NetLED6_LED4_VDD Pin=R6_LED4-1
Added Net: Name=NetLED6_LED4_VDD
Added Pin To Net: NetName=NetLED6_LED5_Din Pin=LED6_LED5-Din
Added Pin To Net: NetName=NetLED6_LED5_Din Pin=LED7_LED5-Dout
Added Net: Name=NetLED6_LED5_Din
Added Pin To Net: NetName=NetLED6_LED5_VDD Pin=LED6_LED5-VDD
Added Pin To Net: NetName=NetLED6_LED5_VDD Pin=R6_LED5-1
Added Net: Name=NetLED6_LED5_VDD
Added Pin To Net: NetName=NetLED6_LED6_Din Pin=LED6_LED6-Din
Added Pin To Net: NetName=NetLED6_LED6_Din Pin=LED7_LED6-Dout
Added Net: Name=NetLED6_LED6_Din
Added Pin To Net: NetName=NetLED6_LED6_VDD Pin=LED6_LED6-VDD
Added Pin To Net: NetName=NetLED6_LED6_VDD Pin=R6_LED6-1
Added Net: Name=NetLED6_LED6_VDD
Added Pin To Net: NetName=NetLED6_LED7_Din Pin=LED6_LED7-Din
Added Pin To Net: NetName=NetLED6_LED7_Din Pin=LED7_LED7-Dout
Added Net: Name=NetLED6_LED7_Din
Added Pin To Net: NetName=NetLED6_LED7_VDD Pin=LED6_LED7-VDD
Added Pin To Net: NetName=NetLED6_LED7_VDD Pin=R6_LED7-1
Added Net: Name=NetLED6_LED7_VDD
Added Pin To Net: NetName=NetLED6_LED8_Din Pin=LED6_LED8-Din
Added Pin To Net: NetName=NetLED6_LED8_Din Pin=LED7_LED8-Dout
Added Net: Name=NetLED6_LED8_Din
Added Pin To Net: NetName=NetLED6_LED8_VDD Pin=LED6_LED8-VDD
Added Pin To Net: NetName=NetLED6_LED8_VDD Pin=R6_LED8-1
Added Net: Name=NetLED6_LED8_VDD
Added Pin To Net: NetName=NetLED7_LED1_Din Pin=LED7_LED1-Din
Added Pin To Net: NetName=NetLED7_LED1_Din Pin=LED8_LED1-Dout
Added Net: Name=NetLED7_LED1_Din
Added Pin To Net: NetName=NetLED7_LED1_VDD Pin=LED7_LED1-VDD
Added Pin To Net: NetName=NetLED7_LED1_VDD Pin=R7_LED1-1
Added Net: Name=NetLED7_LED1_VDD
Added Pin To Net: NetName=NetLED7_LED2_Din Pin=LED7_LED2-Din
Added Pin To Net: NetName=NetLED7_LED2_Din Pin=LED8_LED2-Dout
Added Net: Name=NetLED7_LED2_Din
Added Pin To Net: NetName=NetLED7_LED2_VDD Pin=LED7_LED2-VDD
Added Pin To Net: NetName=NetLED7_LED2_VDD Pin=R7_LED2-1
Added Net: Name=NetLED7_LED2_VDD
Added Pin To Net: NetName=NetLED7_LED3_Din Pin=LED7_LED3-Din
Added Pin To Net: NetName=NetLED7_LED3_Din Pin=LED8_LED3-Dout
Added Net: Name=NetLED7_LED3_Din
Added Pin To Net: NetName=NetLED7_LED3_VDD Pin=LED7_LED3-VDD
Added Pin To Net: NetName=NetLED7_LED3_VDD Pin=R7_LED3-1
Added Net: Name=NetLED7_LED3_VDD
Added Pin To Net: NetName=NetLED7_LED4_Din Pin=LED7_LED4-Din
Added Pin To Net: NetName=NetLED7_LED4_Din Pin=LED8_LED4-Dout
Added Net: Name=NetLED7_LED4_Din
Added Pin To Net: NetName=NetLED7_LED4_VDD Pin=LED7_LED4-VDD
Added Pin To Net: NetName=NetLED7_LED4_VDD Pin=R7_LED4-1
Added Net: Name=NetLED7_LED4_VDD
Added Pin To Net: NetName=NetLED7_LED5_Din Pin=LED7_LED5-Din
Added Pin To Net: NetName=NetLED7_LED5_Din Pin=LED8_LED5-Dout
Added Net: Name=NetLED7_LED5_Din
Added Pin To Net: NetName=NetLED7_LED5_VDD Pin=LED7_LED5-VDD
Added Pin To Net: NetName=NetLED7_LED5_VDD Pin=R7_LED5-1
Added Net: Name=NetLED7_LED5_VDD
Added Pin To Net: NetName=NetLED7_LED6_Din Pin=LED7_LED6-Din
Added Pin To Net: NetName=NetLED7_LED6_Din Pin=LED8_LED6-Dout
Added Net: Name=NetLED7_LED6_Din
Added Pin To Net: NetName=NetLED7_LED6_VDD Pin=LED7_LED6-VDD
Added Pin To Net: NetName=NetLED7_LED6_VDD Pin=R7_LED6-1
Added Net: Name=NetLED7_LED6_VDD
Added Pin To Net: NetName=NetLED7_LED7_Din Pin=LED7_LED7-Din
Added Pin To Net: NetName=NetLED7_LED7_Din Pin=LED8_LED7-Dout
Added Net: Name=NetLED7_LED7_Din
Added Pin To Net: NetName=NetLED7_LED7_VDD Pin=LED7_LED7-VDD
Added Pin To Net: NetName=NetLED7_LED7_VDD Pin=R7_LED7-1
Added Net: Name=NetLED7_LED7_VDD
Added Pin To Net: NetName=NetLED7_LED8_Din Pin=LED7_LED8-Din
Added Pin To Net: NetName=NetLED7_LED8_Din Pin=LED8_LED8-Dout
Added Net: Name=NetLED7_LED8_Din
Added Pin To Net: NetName=NetLED7_LED8_VDD Pin=LED7_LED8-VDD
Added Pin To Net: NetName=NetLED7_LED8_VDD Pin=R7_LED8-1
Added Net: Name=NetLED7_LED8_VDD
Added Pin To Net: NetName=NetLED8_LED1_VDD Pin=LED8_LED1-VDD
Added Pin To Net: NetName=NetLED8_LED1_VDD Pin=R8_LED1-1
Added Net: Name=NetLED8_LED1_VDD
Added Pin To Net: NetName=NetLED8_LED2_VDD Pin=LED8_LED2-VDD
Added Pin To Net: NetName=NetLED8_LED2_VDD Pin=R8_LED2-1
Added Net: Name=NetLED8_LED2_VDD
Added Pin To Net: NetName=NetLED8_LED3_VDD Pin=LED8_LED3-VDD
Added Pin To Net: NetName=NetLED8_LED3_VDD Pin=R8_LED3-1
Added Net: Name=NetLED8_LED3_VDD
Added Pin To Net: NetName=NetLED8_LED4_VDD Pin=LED8_LED4-VDD
Added Pin To Net: NetName=NetLED8_LED4_VDD Pin=R8_LED4-1
Added Net: Name=NetLED8_LED4_VDD
Added Pin To Net: NetName=NetLED8_LED5_VDD Pin=LED8_LED5-VDD
Added Pin To Net: NetName=NetLED8_LED5_VDD Pin=R8_LED5-1
Added Net: Name=NetLED8_LED5_VDD
Added Pin To Net: NetName=NetLED8_LED6_VDD Pin=LED8_LED6-VDD
Added Pin To Net: NetName=NetLED8_LED6_VDD Pin=R8_LED6-1
Added Net: Name=NetLED8_LED6_VDD
Added Pin To Net: NetName=NetLED8_LED7_VDD Pin=LED8_LED7-VDD
Added Pin To Net: NetName=NetLED8_LED7_VDD Pin=R8_LED7-1
Added Net: Name=NetLED8_LED7_VDD
Added Pin To Net: NetName=NetLED8_LED8_VDD Pin=LED8_LED8-VDD
Added Pin To Net: NetName=NetLED8_LED8_VDD Pin=R8_LED8-1
Added Net: Name=NetLED8_LED8_VDD
Added Member To Class: ClassName=LED1 Member=Component LED1_LED1 (LED1) LED
Added Member To Class: ClassName=LED2 Member=Component LED1_LED2 (LED1) LED
Added Member To Class: ClassName=LED3 Member=Component LED1_LED3 (LED1) LED
Added Member To Class: ClassName=LED4 Member=Component LED1_LED4 (LED1) LED
Added Member To Class: ClassName=LED5 Member=Component LED1_LED5 (LED1) LED
Added Member To Class: ClassName=LED6 Member=Component LED1_LED6 (LED1) LED
Added Member To Class: ClassName=LED7 Member=Component LED1_LED7 (LED1) LED
Added Member To Class: ClassName=LED8 Member=Component LED1_LED8 (LED1) LED
Added Member To Class: ClassName=LED1 Member=Component LED2_LED1 (LED2) LED
Added Member To Class: ClassName=LED2 Member=Component LED2_LED2 (LED2) LED
Added Member To Class: ClassName=LED3 Member=Component LED2_LED3 (LED2) LED
Added Member To Class: ClassName=LED4 Member=Component LED2_LED4 (LED2) LED
Added Member To Class: ClassName=LED5 Member=Component LED2_LED5 (LED2) LED
Added Member To Class: ClassName=LED6 Member=Component LED2_LED6 (LED2) LED
Added Member To Class: ClassName=LED7 Member=Component LED2_LED7 (LED2) LED
Added Member To Class: ClassName=LED8 Member=Component LED2_LED8 (LED2) LED
Added Member To Class: ClassName=LED1 Member=Component LED3_LED1 (LED3) LED
Added Member To Class: ClassName=LED2 Member=Component LED3_LED2 (LED3) LED
Added Member To Class: ClassName=LED3 Member=Component LED3_LED3 (LED3) LED
Added Member To Class: ClassName=LED4 Member=Component LED3_LED4 (LED3) LED
Added Member To Class: ClassName=LED5 Member=Component LED3_LED5 (LED3) LED
Added Member To Class: ClassName=LED6 Member=Component LED3_LED6 (LED3) LED
Added Member To Class: ClassName=LED7 Member=Component LED3_LED7 (LED3) LED
Added Member To Class: ClassName=LED8 Member=Component LED3_LED8 (LED3) LED
Added Member To Class: ClassName=LED1 Member=Component LED4_LED1 (LED4) LED
Added Member To Class: ClassName=LED2 Member=Component LED4_LED2 (LED4) LED
Added Member To Class: ClassName=LED3 Member=Component LED4_LED3 (LED4) LED
Added Member To Class: ClassName=LED4 Member=Component LED4_LED4 (LED4) LED
Added Member To Class: ClassName=LED5 Member=Component LED4_LED5 (LED4) LED
Added Member To Class: ClassName=LED6 Member=Component LED4_LED6 (LED4) LED
Added Member To Class: ClassName=LED7 Member=Component LED4_LED7 (LED4) LED
Added Member To Class: ClassName=LED8 Member=Component LED4_LED8 (LED4) LED
Added Member To Class: ClassName=LED1 Member=Component LED5_LED1 (LED5) LED
Added Member To Class: ClassName=LED2 Member=Component LED5_LED2 (LED5) LED
Added Member To Class: ClassName=LED3 Member=Component LED5_LED3 (LED5) LED
Added Member To Class: ClassName=LED4 Member=Component LED5_LED4 (LED5) LED
Added Member To Class: ClassName=LED5 Member=Component LED5_LED5 (LED5) LED
Added Member To Class: ClassName=LED6 Member=Component LED5_LED6 (LED5) LED
Added Member To Class: ClassName=LED7 Member=Component LED5_LED7 (LED5) LED
Added Member To Class: ClassName=LED8 Member=Component LED5_LED8 (LED5) LED
Added Member To Class: ClassName=LED1 Member=Component LED6_LED1 (LED6) LED
Added Member To Class: ClassName=LED2 Member=Component LED6_LED2 (LED6) LED
Added Member To Class: ClassName=LED3 Member=Component LED6_LED3 (LED6) LED
Added Member To Class: ClassName=LED4 Member=Component LED6_LED4 (LED6) LED
Added Member To Class: ClassName=LED5 Member=Component LED6_LED5 (LED6) LED
Added Member To Class: ClassName=LED6 Member=Component LED6_LED6 (LED6) LED
Added Member To Class: ClassName=LED7 Member=Component LED6_LED7 (LED6) LED
Added Member To Class: ClassName=LED8 Member=Component LED6_LED8 (LED6) LED
Added Member To Class: ClassName=LED1 Member=Component LED7_LED1 (LED7) LED
Added Member To Class: ClassName=LED2 Member=Component LED7_LED2 (LED7) LED
Added Member To Class: ClassName=LED3 Member=Component LED7_LED3 (LED7) LED
Added Member To Class: ClassName=LED4 Member=Component LED7_LED4 (LED7) LED
Added Member To Class: ClassName=LED5 Member=Component LED7_LED5 (LED7) LED
Added Member To Class: ClassName=LED6 Member=Component LED7_LED6 (LED7) LED
Added Member To Class: ClassName=LED7 Member=Component LED7_LED7 (LED7) LED
Added Member To Class: ClassName=LED8 Member=Component LED7_LED8 (LED7) LED
Added Member To Class: ClassName=LED1 Member=Component LED8_LED1 (LED8) LED
Added Member To Class: ClassName=LED2 Member=Component LED8_LED2 (LED8) LED
Added Member To Class: ClassName=LED3 Member=Component LED8_LED3 (LED8) LED
Added Member To Class: ClassName=LED4 Member=Component LED8_LED4 (LED8) LED
Added Member To Class: ClassName=LED5 Member=Component LED8_LED5 (LED8) LED
Added Member To Class: ClassName=LED6 Member=Component LED8_LED6 (LED8) LED
Added Member To Class: ClassName=LED7 Member=Component LED8_LED7 (LED8) LED
Added Member To Class: ClassName=LED8 Member=Component LED8_LED8 (LED8) LED
Added Member To Class: ClassName=LED1 Member=Component R2_LED1 (R2) resistor 2.2K
Added Member To Class: ClassName=LED2 Member=Component R2_LED2 (R2) resistor 2.2K
Added Member To Class: ClassName=LED3 Member=Component R2_LED3 (R2) resistor 2.2K
Added Member To Class: ClassName=LED4 Member=Component R2_LED4 (R2) resistor 2.2K
Added Member To Class: ClassName=LED5 Member=Component R2_LED5 (R2) resistor 2.2K
Added Member To Class: ClassName=LED6 Member=Component R2_LED6 (R2) resistor 2.2K
Added Member To Class: ClassName=LED7 Member=Component R2_LED7 (R2) resistor 2.2K
Added Member To Class: ClassName=LED8 Member=Component R2_LED8 (R2) resistor 2.2K
Added Member To Class: ClassName=LED1 Member=Component R3_LED1 (R3) resistor 2.2K
Added Member To Class: ClassName=LED2 Member=Component R3_LED2 (R3) resistor 2.2K
Added Member To Class: ClassName=LED3 Member=Component R3_LED3 (R3) resistor 2.2K
Added Member To Class: ClassName=LED4 Member=Component R3_LED4 (R3) resistor 2.2K
Added Member To Class: ClassName=LED5 Member=Component R3_LED5 (R3) resistor 2.2K
Added Member To Class: ClassName=LED6 Member=Component R3_LED6 (R3) resistor 2.2K
Added Member To Class: ClassName=LED7 Member=Component R3_LED7 (R3) resistor 2.2K
Added Member To Class: ClassName=LED8 Member=Component R3_LED8 (R3) resistor 2.2K
Added Member To Class: ClassName=LED1 Member=Component R4_LED1 (R4) resistor 2.2K
Added Member To Class: ClassName=LED2 Member=Component R4_LED2 (R4) resistor 2.2K
Added Member To Class: ClassName=LED3 Member=Component R4_LED3 (R4) resistor 2.2K
Added Member To Class: ClassName=LED4 Member=Component R4_LED4 (R4) resistor 2.2K
Added Member To Class: ClassName=LED5 Member=Component R4_LED5 (R4) resistor 2.2K
Added Member To Class: ClassName=LED6 Member=Component R4_LED6 (R4) resistor 2.2K
Added Member To Class: ClassName=LED7 Member=Component R4_LED7 (R4) resistor 2.2K
Added Member To Class: ClassName=LED8 Member=Component R4_LED8 (R4) resistor 2.2K
Added Member To Class: ClassName=LED1 Member=Component R5_LED1 (R5) resistor 2.2K
Added Member To Class: ClassName=LED2 Member=Component R5_LED2 (R5) resistor 2.2K
Added Member To Class: ClassName=LED3 Member=Component R5_LED3 (R5) resistor 2.2K
Added Member To Class: ClassName=LED4 Member=Component R5_LED4 (R5) resistor 2.2K
Added Member To Class: ClassName=LED5 Member=Component R5_LED5 (R5) resistor 2.2K
Added Member To Class: ClassName=LED6 Member=Component R5_LED6 (R5) resistor 2.2K
Added Member To Class: ClassName=LED7 Member=Component R5_LED7 (R5) resistor 2.2K
Added Member To Class: ClassName=LED8 Member=Component R5_LED8 (R5) resistor 2.2K
Added Member To Class: ClassName=LED1 Member=Component R6_LED1 (R6) resistor 2.2K
Added Member To Class: ClassName=LED2 Member=Component R6_LED2 (R6) resistor 2.2K
Added Member To Class: ClassName=LED3 Member=Component R6_LED3 (R6) resistor 2.2K
Added Member To Class: ClassName=LED4 Member=Component R6_LED4 (R6) resistor 2.2K
Added Member To Class: ClassName=LED5 Member=Component R6_LED5 (R6) resistor 2.2K
Added Member To Class: ClassName=LED6 Member=Component R6_LED6 (R6) resistor 2.2K
Added Member To Class: ClassName=LED7 Member=Component R6_LED7 (R6) resistor 2.2K
Added Member To Class: ClassName=LED8 Member=Component R6_LED8 (R6) resistor 2.2K
Added Member To Class: ClassName=LED1 Member=Component R7_LED1 (R7) resistor 2.2K
Added Member To Class: ClassName=LED2 Member=Component R7_LED2 (R7) resistor 2.2K
Added Member To Class: ClassName=LED3 Member=Component R7_LED3 (R7) resistor 2.2K
Added Member To Class: ClassName=LED4 Member=Component R7_LED4 (R7) resistor 2.2K
Added Member To Class: ClassName=LED5 Member=Component R7_LED5 (R7) resistor 2.2K
Added Member To Class: ClassName=LED6 Member=Component R7_LED6 (R7) resistor 2.2K
Added Member To Class: ClassName=LED7 Member=Component R7_LED7 (R7) resistor 2.2K
Added Member To Class: ClassName=LED8 Member=Component R7_LED8 (R7) resistor 2.2K
Added Member To Class: ClassName=LED1 Member=Component R8_LED1 (R8) resistor 2.2K
Added Member To Class: ClassName=LED2 Member=Component R8_LED2 (R8) resistor 2.2K
Added Member To Class: ClassName=LED3 Member=Component R8_LED3 (R8) resistor 2.2K
Added Member To Class: ClassName=LED4 Member=Component R8_LED4 (R8) resistor 2.2K
Added Member To Class: ClassName=LED5 Member=Component R8_LED5 (R8) resistor 2.2K
Added Member To Class: ClassName=LED6 Member=Component R8_LED6 (R8) resistor 2.2K
Added Member To Class: ClassName=LED7 Member=Component R8_LED7 (R8) resistor 2.2K
Added Member To Class: ClassName=LED8 Member=Component R8_LED8 (R8) resistor 2.2K
