Added Pin To Net: NetName=Netconnector1_GND6 Pin=connector1-GND
Added Pin To Net: NetName=Netconnector1_VDD3 Pin=connector1-VDD
Added Pin To Net: NetName=PIN1 Pin=LED1_LINE1-Din
Added Pin To Net: NetName=Netconnector1_GND6 Pin=LED1_LINE1-GND
Added Pin To Net: NetName=PIN2 Pin=LED1_LINE2-Din
Added Pin To Net: NetName=Netconnector1_GND6 Pin=LED1_LINE2-GND
Added Pin To Net: NetName=PIN3 Pin=LED1_LINE3-Din
Added Pin To Net: NetName=Netconnector1_GND6 Pin=LED1_LINE3-GND
Added Pin To Net: NetName=PIN4 Pin=LED1_LINE4-Din
Added Pin To Net: NetName=Netconnector1_GND6 Pin=LED1_LINE4-GND
Added Pin To Net: NetName=PIN5 Pin=LED1_LINE5-Din
Added Pin To Net: NetName=Netconnector1_GND6 Pin=LED1_LINE5-GND
Added Pin To Net: NetName=PIN6 Pin=LED1_LINE6-Din
Added Pin To Net: NetName=PIN7 Pin=LED1_LINE7-Din
Added Pin To Net: NetName=Netconnector1_GND6 Pin=LED1_LINE7-GND
Added Pin To Net: NetName=PIN8 Pin=LED1_LINE8-Din
Added Pin To Net: NetName=Netconnector1_GND6 Pin=LED1_LINE8-GND
Added Pin To Net: NetName=Netconnector1_GND6 Pin=LED2_LINE1-GND
Added Pin To Net: NetName=Netconnector1_GND6 Pin=LED2_LINE2-GND
Added Pin To Net: NetName=Netconnector1_GND6 Pin=LED2_LINE3-GND
Added Pin To Net: NetName=Netconnector1_GND6 Pin=LED2_LINE4-GND
Added Pin To Net: NetName=Netconnector1_GND6 Pin=LED2_LINE5-GND
Added Pin To Net: NetName=Netconnector1_GND6 Pin=LED2_LINE7-GND
Added Pin To Net: NetName=Netconnector1_GND6 Pin=LED2_LINE8-GND
Added Pin To Net: NetName=Netconnector1_GND6 Pin=LED3_LINE1-GND
Added Pin To Net: NetName=Netconnector1_GND6 Pin=LED3_LINE2-GND
Added Pin To Net: NetName=Netconnector1_GND6 Pin=LED3_LINE3-GND
Added Pin To Net: NetName=Netconnector1_GND6 Pin=LED3_LINE4-GND
Added Pin To Net: NetName=Netconnector1_GND6 Pin=LED3_LINE5-GND
Added Pin To Net: NetName=Netconnector1_GND6 Pin=LED3_LINE7-GND
Added Pin To Net: NetName=Netconnector1_GND6 Pin=LED3_LINE8-GND
Added Pin To Net: NetName=Netconnector1_GND6 Pin=LED4_LINE1-GND
Added Pin To Net: NetName=Netconnector1_GND6 Pin=LED4_LINE2-GND
Added Pin To Net: NetName=Netconnector1_GND6 Pin=LED4_LINE3-GND
Added Pin To Net: NetName=Netconnector1_GND6 Pin=LED4_LINE4-GND
Added Pin To Net: NetName=Netconnector1_GND6 Pin=LED4_LINE5-GND
Added Pin To Net: NetName=Netconnector1_GND6 Pin=LED4_LINE7-GND
Added Pin To Net: NetName=Netconnector1_GND6 Pin=LED4_LINE8-GND
Added Pin To Net: NetName=Netconnector1_GND6 Pin=LED5_LINE1-GND
Added Pin To Net: NetName=Netconnector1_GND6 Pin=LED5_LINE2-GND
Added Pin To Net: NetName=Netconnector1_GND6 Pin=LED5_LINE3-GND
Added Pin To Net: NetName=Netconnector1_GND6 Pin=LED5_LINE4-GND
Added Pin To Net: NetName=Netconnector1_GND6 Pin=LED5_LINE5-GND
Added Pin To Net: NetName=Netconnector1_GND6 Pin=LED5_LINE7-GND
Added Pin To Net: NetName=Netconnector1_GND6 Pin=LED5_LINE8-GND
Added Pin To Net: NetName=Netconnector1_GND6 Pin=LED6_LINE1-GND
Added Pin To Net: NetName=Netconnector1_GND6 Pin=LED6_LINE2-GND
Added Pin To Net: NetName=Netconnector1_GND6 Pin=LED6_LINE3-GND
Added Pin To Net: NetName=Netconnector1_GND6 Pin=LED6_LINE4-GND
Added Pin To Net: NetName=Netconnector1_GND6 Pin=LED6_LINE5-GND
Added Pin To Net: NetName=Netconnector1_GND6 Pin=LED6_LINE7-GND
Added Pin To Net: NetName=Netconnector1_GND6 Pin=LED6_LINE8-GND
Added Pin To Net: NetName=Netconnector1_GND6 Pin=LED7_LINE1-GND
Added Pin To Net: NetName=Netconnector1_GND6 Pin=LED7_LINE2-GND
Added Pin To Net: NetName=Netconnector1_GND6 Pin=LED7_LINE3-GND
Added Pin To Net: NetName=Netconnector1_GND6 Pin=LED7_LINE4-GND
Added Pin To Net: NetName=Netconnector1_GND6 Pin=LED7_LINE5-GND
Added Pin To Net: NetName=Netconnector1_GND6 Pin=LED7_LINE7-GND
Added Pin To Net: NetName=Netconnector1_GND6 Pin=LED7_LINE8-GND
Added Pin To Net: NetName=Netconnector1_GND6 Pin=LED8_LINE1-GND
Added Pin To Net: NetName=Netconnector1_GND6 Pin=LED8_LINE2-GND
Added Pin To Net: NetName=Netconnector1_GND6 Pin=LED8_LINE3-GND
Added Pin To Net: NetName=Netconnector1_GND6 Pin=LED8_LINE4-GND
Added Pin To Net: NetName=Netconnector1_GND6 Pin=LED8_LINE5-GND
Added Pin To Net: NetName=Netconnector1_GND6 Pin=LED8_LINE7-GND
Added Pin To Net: NetName=Netconnector1_GND6 Pin=LED8_LINE8-GND
Added Pin To Net: NetName=Netconnector1_VDD3 Pin=R1_LINE1-2
Added Pin To Net: NetName=Netconnector1_VDD3 Pin=R1_LINE2-2
Added Pin To Net: NetName=Netconnector1_VDD3 Pin=R1_LINE4-2
Added Pin To Net: NetName=Netconnector1_VDD3 Pin=R1_LINE5-2
Added Pin To Net: NetName=Netconnector1_VDD3 Pin=R1_LINE6-2
Added Pin To Net: NetName=Netconnector1_VDD3 Pin=R1_LINE7-2
Added Pin To Net: NetName=Netconnector1_VDD3 Pin=R1_LINE8-2
Added Pin To Net: NetName=Netconnector1_VDD3 Pin=R2_LINE1-2
Added Pin To Net: NetName=Netconnector1_VDD3 Pin=R2_LINE2-2
Added Pin To Net: NetName=Netconnector1_VDD3 Pin=R2_LINE4-2
Added Pin To Net: NetName=Netconnector1_VDD3 Pin=R2_LINE5-2
Added Pin To Net: NetName=Netconnector1_VDD3 Pin=R2_LINE6-2
Added Pin To Net: NetName=Netconnector1_VDD3 Pin=R2_LINE7-2
Added Pin To Net: NetName=Netconnector1_VDD3 Pin=R2_LINE8-2
Added Pin To Net: NetName=Netconnector1_VDD3 Pin=R3_LINE1-2
Added Pin To Net: NetName=Netconnector1_VDD3 Pin=R3_LINE2-2
Added Pin To Net: NetName=Netconnector1_VDD3 Pin=R3_LINE4-2
Added Pin To Net: NetName=Netconnector1_VDD3 Pin=R3_LINE5-2
Added Pin To Net: NetName=Netconnector1_VDD3 Pin=R3_LINE6-2
Added Pin To Net: NetName=Netconnector1_VDD3 Pin=R3_LINE7-2
Added Pin To Net: NetName=Netconnector1_VDD3 Pin=R3_LINE8-2
Added Pin To Net: NetName=Netconnector1_VDD3 Pin=R4_LINE1-2
Added Pin To Net: NetName=Netconnector1_VDD3 Pin=R4_LINE2-2
Added Pin To Net: NetName=Netconnector1_VDD3 Pin=R4_LINE4-2
Added Pin To Net: NetName=Netconnector1_VDD3 Pin=R4_LINE5-2
Added Pin To Net: NetName=Netconnector1_VDD3 Pin=R4_LINE6-2
Added Pin To Net: NetName=Netconnector1_VDD3 Pin=R4_LINE7-2
Added Pin To Net: NetName=Netconnector1_VDD3 Pin=R4_LINE8-2
Added Pin To Net: NetName=Netconnector1_VDD3 Pin=R5_LINE1-2
Added Pin To Net: NetName=Netconnector1_VDD3 Pin=R5_LINE2-2
Added Pin To Net: NetName=Netconnector1_VDD3 Pin=R5_LINE4-2
Added Pin To Net: NetName=Netconnector1_VDD3 Pin=R5_LINE5-2
Added Pin To Net: NetName=Netconnector1_VDD3 Pin=R5_LINE6-2
Added Pin To Net: NetName=Netconnector1_VDD3 Pin=R5_LINE7-2
Added Pin To Net: NetName=Netconnector1_VDD3 Pin=R5_LINE8-2
Added Pin To Net: NetName=Netconnector1_VDD3 Pin=R6_LINE1-2
Added Pin To Net: NetName=Netconnector1_VDD3 Pin=R6_LINE2-2
Added Pin To Net: NetName=Netconnector1_VDD3 Pin=R6_LINE4-2
Added Pin To Net: NetName=Netconnector1_VDD3 Pin=R6_LINE5-2
Added Pin To Net: NetName=Netconnector1_VDD3 Pin=R6_LINE6-2
Added Pin To Net: NetName=Netconnector1_VDD3 Pin=R6_LINE7-2
Added Pin To Net: NetName=Netconnector1_VDD3 Pin=R6_LINE8-2
Added Pin To Net: NetName=Netconnector1_VDD3 Pin=R7_LINE1-2
Added Pin To Net: NetName=Netconnector1_VDD3 Pin=R7_LINE2-2
Added Pin To Net: NetName=Netconnector1_VDD3 Pin=R7_LINE4-2
Added Pin To Net: NetName=Netconnector1_VDD3 Pin=R7_LINE5-2
Added Pin To Net: NetName=Netconnector1_VDD3 Pin=R7_LINE6-2
Added Pin To Net: NetName=Netconnector1_VDD3 Pin=R7_LINE7-2
Added Pin To Net: NetName=Netconnector1_VDD3 Pin=R7_LINE8-2
Added Pin To Net: NetName=Netconnector1_VDD3 Pin=R8_LINE1-2
Added Pin To Net: NetName=Netconnector1_VDD3 Pin=R8_LINE2-2
Added Pin To Net: NetName=Netconnector1_VDD3 Pin=R8_LINE4-2
Added Pin To Net: NetName=Netconnector1_VDD3 Pin=R8_LINE5-2
Added Pin To Net: NetName=Netconnector1_VDD3 Pin=R8_LINE6-2
Added Pin To Net: NetName=Netconnector1_VDD3 Pin=R8_LINE7-2
Added Pin To Net: NetName=Netconnector1_VDD3 Pin=R8_LINE8-2
Change Net Name : Old Net Name=Netconnector1_GND6 New Net Name=Netconnector1_GND
Change Net Name : Old Net Name=Netconnector1_VDD3 New Net Name=Netconnector1_VDD
Change Net Name : Old Net Name=NetLED1_LINE1_Dout1 New Net Name=NetLED1_LINE1_Dout
Change Net Name : Old Net Name=NetLED1_LINE1_Dout2 New Net Name=NetLED1_LINE2_Dout
Change Net Name : Old Net Name=NetLED1_LINE1_Dout3 New Net Name=NetLED1_LINE3_Dout
Change Net Name : Old Net Name=NetLED1_LINE1_Dout4 New Net Name=NetLED1_LINE4_Dout
Change Net Name : Old Net Name=NetLED1_LINE1_Dout5 New Net Name=NetLED1_LINE5_Dout
Change Net Name : Old Net Name=NetLED1_LINE1_Dout6 New Net Name=NetLED1_LINE6_Dout
Change Net Name : Old Net Name=NetLED1_LINE1_Dout7 New Net Name=NetLED1_LINE7_Dout
Change Net Name : Old Net Name=NetLED1_LINE1_Dout8 New Net Name=NetLED1_LINE8_Dout
Change Net Name : Old Net Name=NetLED1_LINE1_VDD1 New Net Name=NetLED1_LINE1_VDD
Change Net Name : Old Net Name=NetLED1_LINE1_VDD2 New Net Name=NetLED1_LINE2_VDD
Change Net Name : Old Net Name=NetLED1_LINE1_VDD3 New Net Name=NetLED1_LINE3_VDD
Change Net Name : Old Net Name=NetLED1_LINE1_VDD4 New Net Name=NetLED1_LINE4_VDD
Change Net Name : Old Net Name=NetLED1_LINE1_VDD5 New Net Name=NetLED1_LINE5_VDD
Change Net Name : Old Net Name=NetLED1_LINE1_VDD6 New Net Name=NetLED1_LINE6_VDD
Change Net Name : Old Net Name=NetLED1_LINE1_VDD7 New Net Name=NetLED1_LINE7_VDD
Change Net Name : Old Net Name=NetLED1_LINE1_VDD8 New Net Name=NetLED1_LINE8_VDD
Change Net Name : Old Net Name=NetLED2_LINE1_Dout1 New Net Name=NetLED2_LINE1_Dout
Change Net Name : Old Net Name=NetLED2_LINE1_Dout2 New Net Name=NetLED2_LINE2_Dout
Change Net Name : Old Net Name=NetLED2_LINE1_Dout3 New Net Name=NetLED2_LINE3_Dout
Change Net Name : Old Net Name=NetLED2_LINE1_Dout4 New Net Name=NetLED2_LINE4_Dout
Change Net Name : Old Net Name=NetLED2_LINE1_Dout5 New Net Name=NetLED2_LINE5_Dout
Change Net Name : Old Net Name=NetLED2_LINE1_Dout6 New Net Name=NetLED2_LINE6_Dout
Change Net Name : Old Net Name=NetLED2_LINE1_Dout7 New Net Name=NetLED2_LINE7_Dout
Change Net Name : Old Net Name=NetLED2_LINE1_Dout8 New Net Name=NetLED2_LINE8_Dout
Change Net Name : Old Net Name=NetLED2_LINE1_VDD1 New Net Name=NetLED2_LINE1_VDD
Change Net Name : Old Net Name=NetLED2_LINE1_VDD2 New Net Name=NetLED2_LINE2_VDD
Change Net Name : Old Net Name=NetLED2_LINE1_VDD3 New Net Name=NetLED2_LINE3_VDD
Change Net Name : Old Net Name=NetLED2_LINE1_VDD4 New Net Name=NetLED2_LINE4_VDD
Change Net Name : Old Net Name=NetLED2_LINE1_VDD5 New Net Name=NetLED2_LINE5_VDD
Change Net Name : Old Net Name=NetLED2_LINE1_VDD6 New Net Name=NetLED2_LINE6_VDD
Change Net Name : Old Net Name=NetLED2_LINE1_VDD7 New Net Name=NetLED2_LINE7_VDD
Change Net Name : Old Net Name=NetLED2_LINE1_VDD8 New Net Name=NetLED2_LINE8_VDD
Change Net Name : Old Net Name=NetLED3_LINE1_Dout1 New Net Name=NetLED3_LINE1_Dout
Change Net Name : Old Net Name=NetLED3_LINE1_Dout2 New Net Name=NetLED3_LINE2_Dout
Change Net Name : Old Net Name=NetLED3_LINE1_Dout3 New Net Name=NetLED3_LINE3_Dout
Change Net Name : Old Net Name=NetLED3_LINE1_Dout4 New Net Name=NetLED3_LINE4_Dout
Change Net Name : Old Net Name=NetLED3_LINE1_Dout5 New Net Name=NetLED3_LINE5_Dout
Change Net Name : Old Net Name=NetLED3_LINE1_Dout6 New Net Name=NetLED3_LINE6_Dout
Change Net Name : Old Net Name=NetLED3_LINE1_Dout7 New Net Name=NetLED3_LINE7_Dout
Change Net Name : Old Net Name=NetLED3_LINE1_Dout8 New Net Name=NetLED3_LINE8_Dout
Change Net Name : Old Net Name=NetLED3_LINE1_VDD1 New Net Name=NetLED3_LINE1_VDD
Change Net Name : Old Net Name=NetLED3_LINE1_VDD2 New Net Name=NetLED3_LINE2_VDD
Change Net Name : Old Net Name=NetLED3_LINE1_VDD3 New Net Name=NetLED3_LINE3_VDD
Change Net Name : Old Net Name=NetLED3_LINE1_VDD4 New Net Name=NetLED3_LINE4_VDD
Change Net Name : Old Net Name=NetLED3_LINE1_VDD5 New Net Name=NetLED3_LINE5_VDD
Change Net Name : Old Net Name=NetLED3_LINE1_VDD6 New Net Name=NetLED3_LINE6_VDD
Change Net Name : Old Net Name=NetLED3_LINE1_VDD7 New Net Name=NetLED3_LINE7_VDD
Change Net Name : Old Net Name=NetLED3_LINE1_VDD8 New Net Name=NetLED3_LINE8_VDD
Change Net Name : Old Net Name=NetLED4_LINE1_Dout1 New Net Name=NetLED4_LINE1_Dout
Change Net Name : Old Net Name=NetLED4_LINE1_Dout2 New Net Name=NetLED4_LINE2_Dout
Change Net Name : Old Net Name=NetLED4_LINE1_Dout3 New Net Name=NetLED4_LINE3_Dout
Change Net Name : Old Net Name=NetLED4_LINE1_Dout4 New Net Name=NetLED4_LINE4_Dout
Change Net Name : Old Net Name=NetLED4_LINE1_Dout5 New Net Name=NetLED4_LINE5_Dout
Change Net Name : Old Net Name=NetLED4_LINE1_Dout6 New Net Name=NetLED4_LINE6_Dout
Change Net Name : Old Net Name=NetLED4_LINE1_Dout7 New Net Name=NetLED4_LINE7_Dout
Change Net Name : Old Net Name=NetLED4_LINE1_Dout8 New Net Name=NetLED4_LINE8_Dout
Change Net Name : Old Net Name=NetLED4_LINE1_VDD1 New Net Name=NetLED4_LINE1_VDD
Change Net Name : Old Net Name=NetLED4_LINE1_VDD2 New Net Name=NetLED4_LINE2_VDD
Change Net Name : Old Net Name=NetLED4_LINE1_VDD3 New Net Name=NetLED4_LINE3_VDD
Change Net Name : Old Net Name=NetLED4_LINE1_VDD4 New Net Name=NetLED4_LINE4_VDD
Change Net Name : Old Net Name=NetLED4_LINE1_VDD5 New Net Name=NetLED4_LINE5_VDD
Change Net Name : Old Net Name=NetLED4_LINE1_VDD6 New Net Name=NetLED4_LINE6_VDD
Change Net Name : Old Net Name=NetLED4_LINE1_VDD7 New Net Name=NetLED4_LINE7_VDD
Change Net Name : Old Net Name=NetLED4_LINE1_VDD8 New Net Name=NetLED4_LINE8_VDD
Change Net Name : Old Net Name=NetLED5_LINE1_Dout1 New Net Name=NetLED5_LINE1_Dout
Change Net Name : Old Net Name=NetLED5_LINE1_Dout2 New Net Name=NetLED5_LINE2_Dout
Change Net Name : Old Net Name=NetLED5_LINE1_Dout3 New Net Name=NetLED5_LINE3_Dout
Change Net Name : Old Net Name=NetLED5_LINE1_Dout4 New Net Name=NetLED5_LINE4_Dout
Change Net Name : Old Net Name=NetLED5_LINE1_Dout5 New Net Name=NetLED5_LINE5_Dout
Change Net Name : Old Net Name=NetLED5_LINE1_Dout6 New Net Name=NetLED5_LINE6_Dout
Change Net Name : Old Net Name=NetLED5_LINE1_Dout7 New Net Name=NetLED5_LINE7_Dout
Change Net Name : Old Net Name=NetLED5_LINE1_Dout8 New Net Name=NetLED5_LINE8_Dout
Change Net Name : Old Net Name=NetLED5_LINE1_VDD1 New Net Name=NetLED5_LINE1_VDD
Change Net Name : Old Net Name=NetLED5_LINE1_VDD2 New Net Name=NetLED5_LINE2_VDD
Change Net Name : Old Net Name=NetLED5_LINE1_VDD3 New Net Name=NetLED5_LINE3_VDD
Change Net Name : Old Net Name=NetLED5_LINE1_VDD4 New Net Name=NetLED5_LINE4_VDD
Change Net Name : Old Net Name=NetLED5_LINE1_VDD5 New Net Name=NetLED5_LINE5_VDD
Change Net Name : Old Net Name=NetLED5_LINE1_VDD6 New Net Name=NetLED5_LINE6_VDD
Change Net Name : Old Net Name=NetLED5_LINE1_VDD7 New Net Name=NetLED5_LINE7_VDD
Change Net Name : Old Net Name=NetLED5_LINE1_VDD8 New Net Name=NetLED5_LINE8_VDD
Change Net Name : Old Net Name=NetLED6_LINE1_Dout1 New Net Name=NetLED6_LINE1_Dout
Change Net Name : Old Net Name=NetLED6_LINE1_Dout2 New Net Name=NetLED6_LINE2_Dout
Change Net Name : Old Net Name=NetLED6_LINE1_Dout3 New Net Name=NetLED6_LINE3_Dout
Change Net Name : Old Net Name=NetLED6_LINE1_Dout4 New Net Name=NetLED6_LINE4_Dout
Change Net Name : Old Net Name=NetLED6_LINE1_Dout5 New Net Name=NetLED6_LINE5_Dout
Change Net Name : Old Net Name=NetLED6_LINE1_Dout6 New Net Name=NetLED6_LINE6_Dout
Change Net Name : Old Net Name=NetLED6_LINE1_Dout7 New Net Name=NetLED6_LINE7_Dout
Change Net Name : Old Net Name=NetLED6_LINE1_Dout8 New Net Name=NetLED6_LINE8_Dout
Change Net Name : Old Net Name=NetLED6_LINE1_VDD1 New Net Name=NetLED6_LINE1_VDD
Change Net Name : Old Net Name=NetLED6_LINE1_VDD2 New Net Name=NetLED6_LINE2_VDD
Change Net Name : Old Net Name=NetLED6_LINE1_VDD3 New Net Name=NetLED6_LINE3_VDD
Change Net Name : Old Net Name=NetLED6_LINE1_VDD4 New Net Name=NetLED6_LINE4_VDD
Change Net Name : Old Net Name=NetLED6_LINE1_VDD5 New Net Name=NetLED6_LINE5_VDD
Change Net Name : Old Net Name=NetLED6_LINE1_VDD6 New Net Name=NetLED6_LINE6_VDD
Change Net Name : Old Net Name=NetLED6_LINE1_VDD7 New Net Name=NetLED6_LINE7_VDD
Change Net Name : Old Net Name=NetLED6_LINE1_VDD8 New Net Name=NetLED6_LINE8_VDD
Change Net Name : Old Net Name=NetLED7_LINE1_Dout1 New Net Name=NetLED7_LINE1_Dout
Change Net Name : Old Net Name=NetLED7_LINE1_Dout2 New Net Name=NetLED7_LINE2_Dout
Change Net Name : Old Net Name=NetLED7_LINE1_Dout3 New Net Name=NetLED7_LINE3_Dout
Change Net Name : Old Net Name=NetLED7_LINE1_Dout4 New Net Name=NetLED7_LINE4_Dout
Change Net Name : Old Net Name=NetLED7_LINE1_Dout5 New Net Name=NetLED7_LINE5_Dout
Change Net Name : Old Net Name=NetLED7_LINE1_Dout6 New Net Name=NetLED7_LINE6_Dout
Change Net Name : Old Net Name=NetLED7_LINE1_Dout7 New Net Name=NetLED7_LINE7_Dout
Change Net Name : Old Net Name=NetLED7_LINE1_Dout8 New Net Name=NetLED7_LINE8_Dout
Change Net Name : Old Net Name=NetLED7_LINE1_VDD1 New Net Name=NetLED7_LINE1_VDD
Change Net Name : Old Net Name=NetLED7_LINE1_VDD2 New Net Name=NetLED7_LINE2_VDD
Change Net Name : Old Net Name=NetLED7_LINE1_VDD3 New Net Name=NetLED7_LINE3_VDD
Change Net Name : Old Net Name=NetLED7_LINE1_VDD4 New Net Name=NetLED7_LINE4_VDD
Change Net Name : Old Net Name=NetLED7_LINE1_VDD5 New Net Name=NetLED7_LINE5_VDD
Change Net Name : Old Net Name=NetLED7_LINE1_VDD6 New Net Name=NetLED7_LINE6_VDD
Change Net Name : Old Net Name=NetLED7_LINE1_VDD7 New Net Name=NetLED7_LINE7_VDD
Change Net Name : Old Net Name=NetLED7_LINE1_VDD8 New Net Name=NetLED7_LINE8_VDD
Change Net Name : Old Net Name=NetLED8_LINE1_VDD1 New Net Name=NetLED8_LINE1_VDD
Change Net Name : Old Net Name=NetLED8_LINE1_VDD2 New Net Name=NetLED8_LINE2_VDD
Change Net Name : Old Net Name=NetLED8_LINE1_VDD3 New Net Name=NetLED8_LINE3_VDD
Change Net Name : Old Net Name=NetLED8_LINE1_VDD4 New Net Name=NetLED8_LINE4_VDD
Change Net Name : Old Net Name=NetLED8_LINE1_VDD5 New Net Name=NetLED8_LINE5_VDD
Change Net Name : Old Net Name=NetLED8_LINE1_VDD6 New Net Name=NetLED8_LINE6_VDD
Change Net Name : Old Net Name=NetLED8_LINE1_VDD7 New Net Name=NetLED8_LINE7_VDD
Change Net Name : Old Net Name=NetLED8_LINE1_VDD8 New Net Name=NetLED8_LINE8_VDD
Added Member To Class: ClassName=LINE1 Member=Component LED1_LINE1 (LED1)
Added Member To Class: ClassName=LINE2 Member=Component LED1_LINE2 (LED1)
Added Member To Class: ClassName=LINE3 Member=Component LED1_LINE3 (LED1)
Added Member To Class: ClassName=LINE4 Member=Component LED1_LINE4 (LED1)
Added Member To Class: ClassName=LINE5 Member=Component LED1_LINE5 (LED1)
Added Member To Class: ClassName=LINE6 Member=Component LED1_LINE6 (LED1)
Added Member To Class: ClassName=LINE7 Member=Component LED1_LINE7 (LED1)
Added Member To Class: ClassName=LINE8 Member=Component LED1_LINE8 (LED1)
Added Member To Class: ClassName=LINE1 Member=Component LED2_LINE1 (LED2)
Added Member To Class: ClassName=LINE2 Member=Component LED2_LINE2 (LED2)
Added Member To Class: ClassName=LINE3 Member=Component LED2_LINE3 (LED2)
Added Member To Class: ClassName=LINE4 Member=Component LED2_LINE4 (LED2)
Added Member To Class: ClassName=LINE5 Member=Component LED2_LINE5 (LED2)
Added Member To Class: ClassName=LINE6 Member=Component LED2_LINE6 (LED2)
Added Member To Class: ClassName=LINE7 Member=Component LED2_LINE7 (LED2)
Added Member To Class: ClassName=LINE8 Member=Component LED2_LINE8 (LED2)
Added Member To Class: ClassName=LINE1 Member=Component LED3_LINE1 (LED3)
Added Member To Class: ClassName=LINE2 Member=Component LED3_LINE2 (LED3)
Added Member To Class: ClassName=LINE3 Member=Component LED3_LINE3 (LED3)
Added Member To Class: ClassName=LINE4 Member=Component LED3_LINE4 (LED3)
Added Member To Class: ClassName=LINE5 Member=Component LED3_LINE5 (LED3)
Added Member To Class: ClassName=LINE6 Member=Component LED3_LINE6 (LED3)
Added Member To Class: ClassName=LINE7 Member=Component LED3_LINE7 (LED3)
Added Member To Class: ClassName=LINE8 Member=Component LED3_LINE8 (LED3)
Added Member To Class: ClassName=LINE1 Member=Component LED4_LINE1 (LED4)
Added Member To Class: ClassName=LINE2 Member=Component LED4_LINE2 (LED4)
Added Member To Class: ClassName=LINE3 Member=Component LED4_LINE3 (LED4)
Added Member To Class: ClassName=LINE4 Member=Component LED4_LINE4 (LED4)
Added Member To Class: ClassName=LINE5 Member=Component LED4_LINE5 (LED4)
Added Member To Class: ClassName=LINE6 Member=Component LED4_LINE6 (LED4)
Added Member To Class: ClassName=LINE7 Member=Component LED4_LINE7 (LED4)
Added Member To Class: ClassName=LINE8 Member=Component LED4_LINE8 (LED4)
Added Member To Class: ClassName=LINE1 Member=Component LED5_LINE1 (LED5)
Added Member To Class: ClassName=LINE2 Member=Component LED5_LINE2 (LED5)
Added Member To Class: ClassName=LINE3 Member=Component LED5_LINE3 (LED5)
Added Member To Class: ClassName=LINE4 Member=Component LED5_LINE4 (LED5)
Added Member To Class: ClassName=LINE5 Member=Component LED5_LINE5 (LED5)
Added Member To Class: ClassName=LINE6 Member=Component LED5_LINE6 (LED5)
Added Member To Class: ClassName=LINE7 Member=Component LED5_LINE7 (LED5)
Added Member To Class: ClassName=LINE8 Member=Component LED5_LINE8 (LED5)
Added Member To Class: ClassName=LINE1 Member=Component LED6_LINE1 (LED6)
Added Member To Class: ClassName=LINE2 Member=Component LED6_LINE2 (LED6)
Added Member To Class: ClassName=LINE3 Member=Component LED6_LINE3 (LED6)
Added Member To Class: ClassName=LINE4 Member=Component LED6_LINE4 (LED6)
Added Member To Class: ClassName=LINE5 Member=Component LED6_LINE5 (LED6)
Added Member To Class: ClassName=LINE6 Member=Component LED6_LINE6 (LED6)
Added Member To Class: ClassName=LINE7 Member=Component LED6_LINE7 (LED6)
Added Member To Class: ClassName=LINE8 Member=Component LED6_LINE8 (LED6)
Added Member To Class: ClassName=LINE1 Member=Component LED7_LINE1 (LED7)
Added Member To Class: ClassName=LINE2 Member=Component LED7_LINE2 (LED7)
Added Member To Class: ClassName=LINE3 Member=Component LED7_LINE3 (LED7)
Added Member To Class: ClassName=LINE4 Member=Component LED7_LINE4 (LED7)
Added Member To Class: ClassName=LINE5 Member=Component LED7_LINE5 (LED7)
Added Member To Class: ClassName=LINE6 Member=Component LED7_LINE6 (LED7)
Added Member To Class: ClassName=LINE7 Member=Component LED7_LINE7 (LED7)
Added Member To Class: ClassName=LINE8 Member=Component LED7_LINE8 (LED7)
Added Member To Class: ClassName=LINE1 Member=Component LED8_LINE1 (LED8)
Added Member To Class: ClassName=LINE2 Member=Component LED8_LINE2 (LED8)
Added Member To Class: ClassName=LINE3 Member=Component LED8_LINE3 (LED8)
Added Member To Class: ClassName=LINE4 Member=Component LED8_LINE4 (LED8)
Added Member To Class: ClassName=LINE5 Member=Component LED8_LINE5 (LED8)
Added Member To Class: ClassName=LINE6 Member=Component LED8_LINE6 (LED8)
Added Member To Class: ClassName=LINE7 Member=Component LED8_LINE7 (LED8)
Added Member To Class: ClassName=LINE8 Member=Component LED8_LINE8 (LED8)
Added Member To Class: ClassName=LINE1 Member=Component R1_LINE1 (R1) resistor 2.2K
Added Member To Class: ClassName=LINE2 Member=Component R1_LINE2 (R1) resistor 2.2K
Added Member To Class: ClassName=LINE3 Member=Component R1_LINE3 (R1) resistor 2.2K
Added Member To Class: ClassName=LINE4 Member=Component R1_LINE4 (R1) resistor 2.2K
Added Member To Class: ClassName=LINE5 Member=Component R1_LINE5 (R1) resistor 2.2K
Added Member To Class: ClassName=LINE6 Member=Component R1_LINE6 (R1) resistor 2.2K
Added Member To Class: ClassName=LINE7 Member=Component R1_LINE7 (R1) resistor 2.2K
Added Member To Class: ClassName=LINE8 Member=Component R1_LINE8 (R1) resistor 2.2K
Added Member To Class: ClassName=LINE1 Member=Component R2_LINE1 (R2) resistor 2.2K
Added Member To Class: ClassName=LINE2 Member=Component R2_LINE2 (R2) resistor 2.2K
Added Member To Class: ClassName=LINE3 Member=Component R2_LINE3 (R2) resistor 2.2K
Added Member To Class: ClassName=LINE4 Member=Component R2_LINE4 (R2) resistor 2.2K
Added Member To Class: ClassName=LINE5 Member=Component R2_LINE5 (R2) resistor 2.2K
Added Member To Class: ClassName=LINE6 Member=Component R2_LINE6 (R2) resistor 2.2K
Added Member To Class: ClassName=LINE7 Member=Component R2_LINE7 (R2) resistor 2.2K
Added Member To Class: ClassName=LINE8 Member=Component R2_LINE8 (R2) resistor 2.2K
Added Member To Class: ClassName=LINE1 Member=Component R3_LINE1 (R3) resistor 2.2K
Added Member To Class: ClassName=LINE2 Member=Component R3_LINE2 (R3) resistor 2.2K
Added Member To Class: ClassName=LINE3 Member=Component R3_LINE3 (R3) resistor 2.2K
Added Member To Class: ClassName=LINE4 Member=Component R3_LINE4 (R3) resistor 2.2K
Added Member To Class: ClassName=LINE5 Member=Component R3_LINE5 (R3) resistor 2.2K
Added Member To Class: ClassName=LINE6 Member=Component R3_LINE6 (R3) resistor 2.2K
Added Member To Class: ClassName=LINE7 Member=Component R3_LINE7 (R3) resistor 2.2K
Added Member To Class: ClassName=LINE8 Member=Component R3_LINE8 (R3) resistor 2.2K
Added Member To Class: ClassName=LINE1 Member=Component R4_LINE1 (R4) resistor 2.2K
Added Member To Class: ClassName=LINE2 Member=Component R4_LINE2 (R4) resistor 2.2K
Added Member To Class: ClassName=LINE3 Member=Component R4_LINE3 (R4) resistor 2.2K
Added Member To Class: ClassName=LINE4 Member=Component R4_LINE4 (R4) resistor 2.2K
Added Member To Class: ClassName=LINE5 Member=Component R4_LINE5 (R4) resistor 2.2K
Added Member To Class: ClassName=LINE6 Member=Component R4_LINE6 (R4) resistor 2.2K
Added Member To Class: ClassName=LINE7 Member=Component R4_LINE7 (R4) resistor 2.2K
Added Member To Class: ClassName=LINE8 Member=Component R4_LINE8 (R4) resistor 2.2K
Added Member To Class: ClassName=LINE1 Member=Component R5_LINE1 (R5) resistor 2.2K
Added Member To Class: ClassName=LINE2 Member=Component R5_LINE2 (R5) resistor 2.2K
Added Member To Class: ClassName=LINE3 Member=Component R5_LINE3 (R5) resistor 2.2K
Added Member To Class: ClassName=LINE4 Member=Component R5_LINE4 (R5) resistor 2.2K
Added Member To Class: ClassName=LINE5 Member=Component R5_LINE5 (R5) resistor 2.2K
Added Member To Class: ClassName=LINE6 Member=Component R5_LINE6 (R5) resistor 2.2K
Added Member To Class: ClassName=LINE7 Member=Component R5_LINE7 (R5) resistor 2.2K
Added Member To Class: ClassName=LINE8 Member=Component R5_LINE8 (R5) resistor 2.2K
Added Member To Class: ClassName=LINE1 Member=Component R6_LINE1 (R6) resistor 2.2K
Added Member To Class: ClassName=LINE2 Member=Component R6_LINE2 (R6) resistor 2.2K
Added Member To Class: ClassName=LINE3 Member=Component R6_LINE3 (R6) resistor 2.2K
Added Member To Class: ClassName=LINE4 Member=Component R6_LINE4 (R6) resistor 2.2K
Added Member To Class: ClassName=LINE5 Member=Component R6_LINE5 (R6) resistor 2.2K
Added Member To Class: ClassName=LINE6 Member=Component R6_LINE6 (R6) resistor 2.2K
Added Member To Class: ClassName=LINE7 Member=Component R6_LINE7 (R6) resistor 2.2K
Added Member To Class: ClassName=LINE8 Member=Component R6_LINE8 (R6) resistor 2.2K
Added Member To Class: ClassName=LINE1 Member=Component R7_LINE1 (R7) resistor 2.2K
Added Member To Class: ClassName=LINE2 Member=Component R7_LINE2 (R7) resistor 2.2K
Added Member To Class: ClassName=LINE3 Member=Component R7_LINE3 (R7) resistor 2.2K
Added Member To Class: ClassName=LINE4 Member=Component R7_LINE4 (R7) resistor 2.2K
Added Member To Class: ClassName=LINE5 Member=Component R7_LINE5 (R7) resistor 2.2K
Added Member To Class: ClassName=LINE6 Member=Component R7_LINE6 (R7) resistor 2.2K
Added Member To Class: ClassName=LINE7 Member=Component R7_LINE7 (R7) resistor 2.2K
Added Member To Class: ClassName=LINE8 Member=Component R7_LINE8 (R7) resistor 2.2K
Added Member To Class: ClassName=LINE1 Member=Component R8_LINE1 (R8) resistor 2.2K
Added Member To Class: ClassName=LINE2 Member=Component R8_LINE2 (R8) resistor 2.2K
Added Member To Class: ClassName=LINE3 Member=Component R8_LINE3 (R8) resistor 2.2K
Added Member To Class: ClassName=LINE4 Member=Component R8_LINE4 (R8) resistor 2.2K
Added Member To Class: ClassName=LINE5 Member=Component R8_LINE5 (R8) resistor 2.2K
Added Member To Class: ClassName=LINE6 Member=Component R8_LINE6 (R8) resistor 2.2K
Added Member To Class: ClassName=LINE7 Member=Component R8_LINE7 (R8) resistor 2.2K
Added Member To Class: ClassName=LINE8 Member=Component R8_LINE8 (R8) resistor 2.2K
